#
# A fatal error has been detected by the Java Runtime Environment:
#
#  Internal Error (safepoint.cpp:919), pid=37994, tid=27395
#  fatal error: Illegal threadstate encountered: 4
#
# JRE version: OpenJDK Runtime Environment AdoptOpenJDK-11.0.11+9 (11.0.11+9) (build 11.0.11+9)
# Java VM: OpenJDK 64-Bit Server VM AdoptOpenJDK-11.0.11+9 (11.0.11+9, mixed mode, tiered, compressed oops, g1 gc, bsd-amd64)
# No core dump will be written. Core dumps have been disabled. To enable core dumping, try "ulimit -c unlimited" before starting Java again
#
# If you would like to submit a bug report, please visit:
#   https://github.com/AdoptOpenJDK/openjdk-support/issues
# The crash happened outside the Java Virtual Machine in native code.
# See problematic frame for where to report the bug.
#

---------------  S U M M A R Y ------------

Command Line: -Dfile.encoding=UTF-8 -Duser.country=GH -Duser.language=en -Duser.variant --module-path=/Users/hrd/Library/Mobile Documents/com~apple~CloudDocs/UG/2021 2022/Sem 2/DCIT308/inventory/build/libs/inventory-1.0-SNAPSHOT.jar:/Users/hrd/Library/Mobile Documents/com~apple~CloudDocs/UG/2021 2022/Sem 2/DCIT308/inventory/build/classes/java/main:/Users/hrd/Library/Mobile Documents/com~apple~CloudDocs/UG/2021 2022/Sem 2/DCIT308/inventory/libs/protobuf-java-3.19.4.jar:/Users/hrd/.gradle/caches/modules-2/files-2.1/org.openjfx/javafx-fxml/11.0.2/23291af49fb53d2686c6995018775d19805247a2/javafx-fxml-11.0.2-mac.jar:/Users/hrd/.gradle/caches/modules-2/files-2.1/org.openjfx/javafx-controls/11.0.2/996371d2868035845572cdb19179dca2bfd1139f/javafx-controls-11.0.2-mac.jar:/Users/hrd/.gradle/caches/modules-2/files-2.1/org.openjfx/javafx-controls/11.0.2/4ab633cf1eea60f76e2ae9905aedac862da88b08/javafx-controls-11.0.2.jar:/Users/hrd/.gradle/caches/modules-2/files-2.1/org.openjfx/javafx-graphics/11.0.2/c1d99ae5bc48e7173f4514a941d27d8f8c972c71/javafx-graphics-11.0.2-mac.jar:/Users/hrd/.gradle/caches/modules-2/files-2.1/org.openjfx/javafx-graphics/11.0.2/e522eb4ea422eceeee207b1c266ba3db19b2343a/javafx-graphics-11.0.2.jar:/Users/hrd/.gradle/caches/modules-2/files-2.1/org.openjfx/javafx-base/11.0.2/b774922e5da6a56afee221d1a288d179a1342aa9/javafx-base-11.0.2-mac.jar:/Users/hrd/.gradle/caches/modules-2/files-2.1/org.openjfx/javafx-base/11.0.2/7fb2e4a8528ec9e434a9ac9ee98b39af79e6dcb8/javafx-base-11.0.2.jar -Djdk.module.main=com.group.inventory.inventory com.group.inventory.inventory/com.group20.inventory.inventory.MainApplication

Host: MacBookPro12,1 x86_64 3100 MHz, 4 cores, 16G, Darwin 21.4.0
Time: Wed Aug 31 22:35:04 2022 GMT elapsed time: 9.689375 seconds (0d 0h 0m 9s)

---------------  T H R E A D  ---------------

Current thread (0x00007f9b7c17f000):  JavaThread "InvokeLaterDispatcher" daemon [_thread_in_native, id=27395, stack(0x0000700003c0d000,0x0000700003d0d000)]

Stack: [0x0000700003c0d000,0x0000700003d0d000],  sp=0x0000700003d0b2e0,  free space=1016k
Native frames: (J=compiled Java code, A=aot compiled Java code, j=interpreted, Vv=VM code, C=native code)
V  [libjvm.dylib+0x7bb973]  _ZN7VMError14report_and_dieEiPKcS1_P13__va_list_tagP6ThreadPhPvS7_S1_im+0x64f
V  [libjvm.dylib+0x7bc06f]  _ZN7VMError14report_and_dieEP6ThreadPvPKciS4_S4_P13__va_list_tag+0x47
V  [libjvm.dylib+0x2752a8]  _Z12report_fatalPKciS0_z+0xb5
V  [libjvm.dylib+0x692d97]  _ZN20SafepointSynchronize5blockEP10JavaThread+0x1cf
V  [libjvm.dylib+0x7748d2]  _ZN10JavaThread44check_safepoint_and_suspend_for_native_transEPS_+0xa8
V  [libjvm.dylib+0x3ec670]  jni_DeleteGlobalRef+0x93
C  [libglass.dylib+0x8851]  -[GlassRunnable dealloc]+0x31
C  [Foundation+0x81bee]  -[_NSThreadPerformInfo dealloc]+0x2a
C  [Foundation+0x4e496]  -[NSObject(NSThreadPerformAdditions) performSelectorOnMainThread:withObject:waitUntilDone:]+0x7c
j  com.sun.glass.ui.mac.MacApplication._submitForLaterInvocation(Ljava/lang/Runnable;)V+0 javafx.graphics
j  com.sun.glass.ui.mac.MacApplication.submitForLaterInvocation(Ljava/lang/Runnable;)V+2 javafx.graphics
j  com.sun.glass.ui.InvokeLaterDispatcher.run()V+82 javafx.graphics
v  ~StubRoutines::call_stub
V  [libjvm.dylib+0x3b09e0]  _ZN9JavaCalls11call_helperEP9JavaValueRK12methodHandleP17JavaCallArgumentsP6Thread+0x21a
V  [libjvm.dylib+0x3afe2a]  _ZN9JavaCalls12call_virtualEP9JavaValueP5KlassP6SymbolS5_P17JavaCallArgumentsP6Thread+0xee
V  [libjvm.dylib+0x3afee6]  _ZN9JavaCalls12call_virtualEP9JavaValue6HandleP5KlassP6SymbolS6_P6Thread+0x62
V  [libjvm.dylib+0x436a2e]  _ZL12thread_entryP10JavaThreadP6Thread+0x78
V  [libjvm.dylib+0x7732a6]  _ZN10JavaThread17thread_main_innerEv+0x82
V  [libjvm.dylib+0x7730f0]  _ZN10JavaThread3runEv+0x174
V  [libjvm.dylib+0x770fcc]  _ZN6Thread8call_runEv+0x68
V  [libjvm.dylib+0x62014b]  _ZL19thread_native_entryP6Thread+0x139
C  [libsystem_pthread.dylib+0x64e1]  _pthread_start+0x7d
C  [libsystem_pthread.dylib+0x1f6b]  thread_start+0xf

Java frames: (J=compiled Java code, j=interpreted, Vv=VM code)
j  com.sun.glass.ui.mac.MacApplication._submitForLaterInvocation(Ljava/lang/Runnable;)V+0 javafx.graphics
j  com.sun.glass.ui.mac.MacApplication.submitForLaterInvocation(Ljava/lang/Runnable;)V+2 javafx.graphics
j  com.sun.glass.ui.InvokeLaterDispatcher.run()V+82 javafx.graphics
v  ~StubRoutines::call_stub

---------------  P R O C E S S  ---------------

Threads class SMR info:
_java_thread_list=0x0000600002981020, length=17, elements={
0x00007f9b7c00b800, 0x00007f9b7b043000, 0x00007f9b7b048000, 0x00007f9b7c03d800,
0x00007f9b7d063000, 0x00007f9b7b045000, 0x00007f9b7b065800, 0x00007f9b7d06a000,
0x00007f9b7c095800, 0x00007f9b7c912000, 0x00007f9b7c17f000, 0x00007f9b7d1fd800,
0x00007f9b7b1aa000, 0x00007f9b7ca15000, 0x00007f9b7b1df800, 0x00007f9b7d280800,
0x00007f9b7b583800
}

Java Threads: ( => current thread )
  0x00007f9b7c00b800 JavaThread "main" [_thread_blocked, id=5891, stack(0x00007000026cb000,0x00007000027cb000)]
  0x00007f9b7b043000 JavaThread "Reference Handler" daemon [_thread_blocked, id=17923, stack(0x0000700002de0000,0x0000700002ee0000)]
  0x00007f9b7b048000 JavaThread "Finalizer" daemon [_thread_blocked, id=17155, stack(0x0000700002ee3000,0x0000700002fe3000)]
  0x00007f9b7c03d800 JavaThread "Signal Dispatcher" daemon [_thread_blocked, id=14851, stack(0x00007000030ec000,0x00007000031ec000)]
  0x00007f9b7d063000 JavaThread "Service Thread" daemon [_thread_blocked, id=22019, stack(0x00007000031ef000,0x00007000032ef000)]
  0x00007f9b7b045000 JavaThread "C2 CompilerThread0" daemon [_thread_in_vm, id=42755, stack(0x00007000032f2000,0x00007000033f2000)]
  0x00007f9b7b065800 JavaThread "C1 CompilerThread0" daemon [_thread_blocked, id=42499, stack(0x00007000033f5000,0x00007000034f5000)]
  0x00007f9b7d06a000 JavaThread "Sweeper thread" daemon [_thread_blocked, id=41731, stack(0x00007000034f8000,0x00007000035f8000)]
  0x00007f9b7c095800 JavaThread "Common-Cleaner" daemon [_thread_blocked, id=22787, stack(0x00007000035fb000,0x00007000036fb000)]
  0x00007f9b7c912000 JavaThread "QuantumRenderer-0" daemon [_thread_in_Java, id=40195, stack(0x0000700003801000,0x0000700003901000)]
=>0x00007f9b7c17f000 JavaThread "InvokeLaterDispatcher" daemon [_thread_in_native, id=27395, stack(0x0000700003c0d000,0x0000700003d0d000)]
  0x00007f9b7d1fd800 JavaThread "JavaFX Application Thread" [_thread_blocked, id=259, stack(0x00007ff7b7bb2000,0x00007ff7b83b2000)]
  0x00007f9b7b1aa000 JavaThread "Thread-2" daemon [_thread_blocked, id=47623, stack(0x0000700003d93000,0x0000700003e13000)]
  0x00007f9b7ca15000 JavaThread "JavaFX-Launcher" [_thread_blocked, id=54019, stack(0x0000700003f1c000,0x000070000401c000)]
  0x00007f9b7b1df800 JavaThread "Prism Font Disposer" daemon [_thread_blocked, id=75783, stack(0x000070000401f000,0x000070000411f000)]
  0x00007f9b7d280800 JavaThread "mysql-cj-abandoned-connection-cleanup" daemon [_thread_blocked, id=73739, stack(0x0000700004122000,0x0000700004222000)]
  0x00007f9b7b583800 JavaThread "Cleaner-0" daemon [_thread_blocked, id=68379, stack(0x0000700004225000,0x0000700004325000)]

Other Threads:
  0x00007f9b7d065800 VMThread "VM Thread" [stack: 0x0000700002cdd000,0x0000700002ddd000] [id=12803] _threads_hazard_ptr=0x0000600002981020
  0x00007f9b7c0b6000 WatcherThread [stack: 0x00007000036fe000,0x00007000037fe000] [id=40963]
  0x00007f9b7c00d000 GCTaskThread "GC Thread#0" [stack: 0x00007000027ce000,0x00007000028ce000] [id=21251]
  0x00007f9b7c0e9000 GCTaskThread "GC Thread#1" [stack: 0x0000700003904000,0x0000700003a04000] [id=39683]
  0x00007f9b7b18d000 GCTaskThread "GC Thread#2" [stack: 0x0000700003a07000,0x0000700003b07000] [id=39171]
  0x00007f9b7b0db800 GCTaskThread "GC Thread#3" [stack: 0x0000700003b0a000,0x0000700003c0a000] [id=23299]
  0x00007f9b7d03e000 ConcurrentGCThread "G1 Main Marker" [stack: 0x00007000028d1000,0x00007000029d1000] [id=20739]
  0x00007f9b7d03f000 ConcurrentGCThread "G1 Conc#0" [stack: 0x00007000029d4000,0x0000700002ad4000] [id=19971]
  0x00007f9b7b01a800 ConcurrentGCThread "G1 Refine#0" [stack: 0x0000700002ad7000,0x0000700002bd7000] [id=19459]
  0x00007f9b7b01b800 ConcurrentGCThread "G1 Young RemSet Sampling" [stack: 0x0000700002bda000,0x0000700002cda000] [id=19203]

Threads with active compile tasks:
C2 CompilerThread0   9714 3237   !   4       javafx.scene.CssStyleHelper::lookup (512 bytes)
C1 CompilerThread0   9715 3233       3       javafx.scene.Node::sceneToLocal (21 bytes)

VM state:synchronizing (normal execution)

VM Mutex/Monitor currently owned by a thread:  ([mutex/lock_event])
[0x000060000075b700] Safepoint_lock - owner thread: 0x00007f9b7d065800
[0x000060000075b780] Threads_lock - owner thread: 0x00007f9b7d065800

Heap address: 0x0000000700000000, size: 4096 MB, Compressed Oops mode: Zero based, Oop shift amount: 3
Narrow klass base: 0x0000000800000000, Narrow klass shift: 0
Compressed class space size: 1073741824 Address: 0x0000000800000000

Heap:
 garbage-first heap   total 262144K, used 20195K [0x0000000700000000, 0x0000000800000000)
  region size 1024K, 12 young (12288K), 5 survivors (5120K)
 Metaspace       used 34076K, capacity 35310K, committed 35712K, reserved 1079296K
  class space    used 4358K, capacity 4898K, committed 4992K, reserved 1048576K
Heap Regions: E=young(eden), S=young(survivor), O=old, HS=humongous(starts), HC=humongous(continues), CS=collection set, F=free, A=archive, TAMS=top-at-mark-start (previous, next)
|   0|0x0000000700000000, 0x0000000700100000, 0x0000000700100000|100%|HS|  |TAMS 0x0000000700000000, 0x0000000700000000| Complete 
|   1|0x0000000700100000, 0x0000000700200000, 0x0000000700200000|100%|HC|  |TAMS 0x0000000700100000, 0x0000000700100000| Complete 
|   2|0x0000000700200000, 0x0000000700300000, 0x0000000700300000|100%| O|  |TAMS 0x0000000700200000, 0x0000000700200000| Untracked 
|   3|0x0000000700300000, 0x0000000700400000, 0x0000000700400000|100%| O|  |TAMS 0x0000000700300000, 0x0000000700300000| Untracked 
|   4|0x0000000700400000, 0x0000000700500000, 0x0000000700500000|100%| O|  |TAMS 0x0000000700400000, 0x0000000700400000| Untracked 
|   5|0x0000000700500000, 0x0000000700600000, 0x0000000700600000|100%| O|  |TAMS 0x0000000700500000, 0x0000000700500000| Untracked 
|   6|0x0000000700600000, 0x0000000700700000, 0x0000000700700000|100%| O|  |TAMS 0x0000000700600000, 0x0000000700600000| Untracked 
|   7|0x0000000700700000, 0x0000000700800000, 0x0000000700800000|100%| O|  |TAMS 0x0000000700700000, 0x0000000700700000| Untracked 
|   8|0x0000000700800000, 0x00000007008b8e00, 0x0000000700900000| 72%| O|  |TAMS 0x0000000700800000, 0x0000000700800000| Untracked 
|   9|0x0000000700900000, 0x0000000700900000, 0x0000000700a00000|  0%| F|  |TAMS 0x0000000700900000, 0x0000000700900000| Untracked 
|  10|0x0000000700a00000, 0x0000000700a00000, 0x0000000700b00000|  0%| F|  |TAMS 0x0000000700a00000, 0x0000000700a00000| Untracked 
|  11|0x0000000700b00000, 0x0000000700b00000, 0x0000000700c00000|  0%| F|  |TAMS 0x0000000700b00000, 0x0000000700b00000| Untracked 
|  12|0x0000000700c00000, 0x0000000700c00000, 0x0000000700d00000|  0%| F|  |TAMS 0x0000000700c00000, 0x0000000700c00000| Untracked 
|  13|0x0000000700d00000, 0x0000000700d00000, 0x0000000700e00000|  0%| F|  |TAMS 0x0000000700d00000, 0x0000000700d00000| Untracked 
|  14|0x0000000700e00000, 0x0000000700e00000, 0x0000000700f00000|  0%| F|  |TAMS 0x0000000700e00000, 0x0000000700e00000| Untracked 
|  15|0x0000000700f00000, 0x0000000700f00000, 0x0000000701000000|  0%| F|  |TAMS 0x0000000700f00000, 0x0000000700f00000| Untracked 
|  16|0x0000000701000000, 0x0000000701000000, 0x0000000701100000|  0%| F|  |TAMS 0x0000000701000000, 0x0000000701000000| Untracked 
|  17|0x0000000701100000, 0x0000000701100000, 0x0000000701200000|  0%| F|  |TAMS 0x0000000701100000, 0x0000000701100000| Untracked 
|  18|0x0000000701200000, 0x0000000701200000, 0x0000000701300000|  0%| F|  |TAMS 0x0000000701200000, 0x0000000701200000| Untracked 
|  19|0x0000000701300000, 0x0000000701300000, 0x0000000701400000|  0%| F|  |TAMS 0x0000000701300000, 0x0000000701300000| Untracked 
|  20|0x0000000701400000, 0x0000000701400000, 0x0000000701500000|  0%| F|  |TAMS 0x0000000701400000, 0x0000000701400000| Untracked 
|  21|0x0000000701500000, 0x0000000701500000, 0x0000000701600000|  0%| F|  |TAMS 0x0000000701500000, 0x0000000701500000| Untracked 
|  22|0x0000000701600000, 0x0000000701600000, 0x0000000701700000|  0%| F|  |TAMS 0x0000000701600000, 0x0000000701600000| Untracked 
|  23|0x0000000701700000, 0x0000000701700000, 0x0000000701800000|  0%| F|  |TAMS 0x0000000701700000, 0x0000000701700000| Untracked 
|  24|0x0000000701800000, 0x0000000701800000, 0x0000000701900000|  0%| F|  |TAMS 0x0000000701800000, 0x0000000701800000| Untracked 
|  25|0x0000000701900000, 0x0000000701900000, 0x0000000701a00000|  0%| F|  |TAMS 0x0000000701900000, 0x0000000701900000| Untracked 
|  26|0x0000000701a00000, 0x0000000701a00000, 0x0000000701b00000|  0%| F|  |TAMS 0x0000000701a00000, 0x0000000701a00000| Untracked 
|  27|0x0000000701b00000, 0x0000000701b00000, 0x0000000701c00000|  0%| F|  |TAMS 0x0000000701b00000, 0x0000000701b00000| Untracked 
|  28|0x0000000701c00000, 0x0000000701c00000, 0x0000000701d00000|  0%| F|  |TAMS 0x0000000701c00000, 0x0000000701c00000| Untracked 
|  29|0x0000000701d00000, 0x0000000701d00000, 0x0000000701e00000|  0%| F|  |TAMS 0x0000000701d00000, 0x0000000701d00000| Untracked 
|  30|0x0000000701e00000, 0x0000000701e00000, 0x0000000701f00000|  0%| F|  |TAMS 0x0000000701e00000, 0x0000000701e00000| Untracked 
|  31|0x0000000701f00000, 0x0000000701f00000, 0x0000000702000000|  0%| F|  |TAMS 0x0000000701f00000, 0x0000000701f00000| Untracked 
|  32|0x0000000702000000, 0x0000000702000000, 0x0000000702100000|  0%| F|  |TAMS 0x0000000702000000, 0x0000000702000000| Untracked 
|  33|0x0000000702100000, 0x0000000702100000, 0x0000000702200000|  0%| F|  |TAMS 0x0000000702100000, 0x0000000702100000| Untracked 
|  34|0x0000000702200000, 0x0000000702200000, 0x0000000702300000|  0%| F|  |TAMS 0x0000000702200000, 0x0000000702200000| Untracked 
|  35|0x0000000702300000, 0x0000000702300000, 0x0000000702400000|  0%| F|  |TAMS 0x0000000702300000, 0x0000000702300000| Untracked 
|  36|0x0000000702400000, 0x0000000702400000, 0x0000000702500000|  0%| F|  |TAMS 0x0000000702400000, 0x0000000702400000| Untracked 
|  37|0x0000000702500000, 0x0000000702500000, 0x0000000702600000|  0%| F|  |TAMS 0x0000000702500000, 0x0000000702500000| Untracked 
|  38|0x0000000702600000, 0x0000000702600000, 0x0000000702700000|  0%| F|  |TAMS 0x0000000702600000, 0x0000000702600000| Untracked 
|  39|0x0000000702700000, 0x0000000702700000, 0x0000000702800000|  0%| F|  |TAMS 0x0000000702700000, 0x0000000702700000| Untracked 
|  40|0x0000000702800000, 0x0000000702800000, 0x0000000702900000|  0%| F|  |TAMS 0x0000000702800000, 0x0000000702800000| Untracked 
|  41|0x0000000702900000, 0x0000000702900000, 0x0000000702a00000|  0%| F|  |TAMS 0x0000000702900000, 0x0000000702900000| Untracked 
|  42|0x0000000702a00000, 0x0000000702a00000, 0x0000000702b00000|  0%| F|  |TAMS 0x0000000702a00000, 0x0000000702a00000| Untracked 
|  43|0x0000000702b00000, 0x0000000702b00000, 0x0000000702c00000|  0%| F|  |TAMS 0x0000000702b00000, 0x0000000702b00000| Untracked 
|  44|0x0000000702c00000, 0x0000000702c00000, 0x0000000702d00000|  0%| F|  |TAMS 0x0000000702c00000, 0x0000000702c00000| Untracked 
|  45|0x0000000702d00000, 0x0000000702d00000, 0x0000000702e00000|  0%| F|  |TAMS 0x0000000702d00000, 0x0000000702d00000| Untracked 
|  46|0x0000000702e00000, 0x0000000702e00000, 0x0000000702f00000|  0%| F|  |TAMS 0x0000000702e00000, 0x0000000702e00000| Untracked 
|  47|0x0000000702f00000, 0x0000000702f00000, 0x0000000703000000|  0%| F|  |TAMS 0x0000000702f00000, 0x0000000702f00000| Untracked 
|  48|0x0000000703000000, 0x0000000703000000, 0x0000000703100000|  0%| F|  |TAMS 0x0000000703000000, 0x0000000703000000| Untracked 
|  49|0x0000000703100000, 0x0000000703100000, 0x0000000703200000|  0%| F|  |TAMS 0x0000000703100000, 0x0000000703100000| Untracked 
|  50|0x0000000703200000, 0x0000000703200000, 0x0000000703300000|  0%| F|  |TAMS 0x0000000703200000, 0x0000000703200000| Untracked 
|  51|0x0000000703300000, 0x0000000703300000, 0x0000000703400000|  0%| F|  |TAMS 0x0000000703300000, 0x0000000703300000| Untracked 
|  52|0x0000000703400000, 0x0000000703400000, 0x0000000703500000|  0%| F|  |TAMS 0x0000000703400000, 0x0000000703400000| Untracked 
|  53|0x0000000703500000, 0x0000000703500000, 0x0000000703600000|  0%| F|  |TAMS 0x0000000703500000, 0x0000000703500000| Untracked 
|  54|0x0000000703600000, 0x0000000703600000, 0x0000000703700000|  0%| F|  |TAMS 0x0000000703600000, 0x0000000703600000| Untracked 
|  55|0x0000000703700000, 0x0000000703700000, 0x0000000703800000|  0%| F|  |TAMS 0x0000000703700000, 0x0000000703700000| Untracked 
|  56|0x0000000703800000, 0x0000000703800000, 0x0000000703900000|  0%| F|  |TAMS 0x0000000703800000, 0x0000000703800000| Untracked 
|  57|0x0000000703900000, 0x0000000703900000, 0x0000000703a00000|  0%| F|  |TAMS 0x0000000703900000, 0x0000000703900000| Untracked 
|  58|0x0000000703a00000, 0x0000000703a00000, 0x0000000703b00000|  0%| F|  |TAMS 0x0000000703a00000, 0x0000000703a00000| Untracked 
|  59|0x0000000703b00000, 0x0000000703b00000, 0x0000000703c00000|  0%| F|  |TAMS 0x0000000703b00000, 0x0000000703b00000| Untracked 
|  60|0x0000000703c00000, 0x0000000703c00000, 0x0000000703d00000|  0%| F|  |TAMS 0x0000000703c00000, 0x0000000703c00000| Untracked 
|  61|0x0000000703d00000, 0x0000000703d00000, 0x0000000703e00000|  0%| F|  |TAMS 0x0000000703d00000, 0x0000000703d00000| Untracked 
|  62|0x0000000703e00000, 0x0000000703e00000, 0x0000000703f00000|  0%| F|  |TAMS 0x0000000703e00000, 0x0000000703e00000| Untracked 
|  63|0x0000000703f00000, 0x0000000703f00000, 0x0000000704000000|  0%| F|  |TAMS 0x0000000703f00000, 0x0000000703f00000| Untracked 
|  64|0x0000000704000000, 0x0000000704000000, 0x0000000704100000|  0%| F|  |TAMS 0x0000000704000000, 0x0000000704000000| Untracked 
|  65|0x0000000704100000, 0x0000000704100000, 0x0000000704200000|  0%| F|  |TAMS 0x0000000704100000, 0x0000000704100000| Untracked 
|  66|0x0000000704200000, 0x0000000704200000, 0x0000000704300000|  0%| F|  |TAMS 0x0000000704200000, 0x0000000704200000| Untracked 
|  67|0x0000000704300000, 0x0000000704300000, 0x0000000704400000|  0%| F|  |TAMS 0x0000000704300000, 0x0000000704300000| Untracked 
|  68|0x0000000704400000, 0x0000000704400000, 0x0000000704500000|  0%| F|  |TAMS 0x0000000704400000, 0x0000000704400000| Untracked 
|  69|0x0000000704500000, 0x0000000704500000, 0x0000000704600000|  0%| F|  |TAMS 0x0000000704500000, 0x0000000704500000| Untracked 
|  70|0x0000000704600000, 0x0000000704600000, 0x0000000704700000|  0%| F|  |TAMS 0x0000000704600000, 0x0000000704600000| Untracked 
|  71|0x0000000704700000, 0x0000000704700000, 0x0000000704800000|  0%| F|  |TAMS 0x0000000704700000, 0x0000000704700000| Untracked 
|  72|0x0000000704800000, 0x0000000704800000, 0x0000000704900000|  0%| F|  |TAMS 0x0000000704800000, 0x0000000704800000| Untracked 
|  73|0x0000000704900000, 0x0000000704900000, 0x0000000704a00000|  0%| F|  |TAMS 0x0000000704900000, 0x0000000704900000| Untracked 
|  74|0x0000000704a00000, 0x0000000704a00000, 0x0000000704b00000|  0%| F|  |TAMS 0x0000000704a00000, 0x0000000704a00000| Untracked 
|  75|0x0000000704b00000, 0x0000000704b00000, 0x0000000704c00000|  0%| F|  |TAMS 0x0000000704b00000, 0x0000000704b00000| Untracked 
|  76|0x0000000704c00000, 0x0000000704c00000, 0x0000000704d00000|  0%| F|  |TAMS 0x0000000704c00000, 0x0000000704c00000| Untracked 
|  77|0x0000000704d00000, 0x0000000704d00000, 0x0000000704e00000|  0%| F|  |TAMS 0x0000000704d00000, 0x0000000704d00000| Untracked 
|  78|0x0000000704e00000, 0x0000000704e00000, 0x0000000704f00000|  0%| F|  |TAMS 0x0000000704e00000, 0x0000000704e00000| Untracked 
|  79|0x0000000704f00000, 0x0000000704f00000, 0x0000000705000000|  0%| F|  |TAMS 0x0000000704f00000, 0x0000000704f00000| Untracked 
|  80|0x0000000705000000, 0x0000000705000000, 0x0000000705100000|  0%| F|  |TAMS 0x0000000705000000, 0x0000000705000000| Untracked 
|  81|0x0000000705100000, 0x0000000705100000, 0x0000000705200000|  0%| F|  |TAMS 0x0000000705100000, 0x0000000705100000| Untracked 
|  82|0x0000000705200000, 0x0000000705200000, 0x0000000705300000|  0%| F|  |TAMS 0x0000000705200000, 0x0000000705200000| Untracked 
|  83|0x0000000705300000, 0x0000000705300000, 0x0000000705400000|  0%| F|  |TAMS 0x0000000705300000, 0x0000000705300000| Untracked 
|  84|0x0000000705400000, 0x0000000705400000, 0x0000000705500000|  0%| F|  |TAMS 0x0000000705400000, 0x0000000705400000| Untracked 
|  85|0x0000000705500000, 0x0000000705500000, 0x0000000705600000|  0%| F|  |TAMS 0x0000000705500000, 0x0000000705500000| Untracked 
|  86|0x0000000705600000, 0x0000000705600000, 0x0000000705700000|  0%| F|  |TAMS 0x0000000705600000, 0x0000000705600000| Untracked 
|  87|0x0000000705700000, 0x0000000705700000, 0x0000000705800000|  0%| F|  |TAMS 0x0000000705700000, 0x0000000705700000| Untracked 
|  88|0x0000000705800000, 0x0000000705800000, 0x0000000705900000|  0%| F|  |TAMS 0x0000000705800000, 0x0000000705800000| Untracked 
|  89|0x0000000705900000, 0x0000000705900000, 0x0000000705a00000|  0%| F|  |TAMS 0x0000000705900000, 0x0000000705900000| Untracked 
|  90|0x0000000705a00000, 0x0000000705a00000, 0x0000000705b00000|  0%| F|  |TAMS 0x0000000705a00000, 0x0000000705a00000| Untracked 
|  91|0x0000000705b00000, 0x0000000705b00000, 0x0000000705c00000|  0%| F|  |TAMS 0x0000000705b00000, 0x0000000705b00000| Untracked 
|  92|0x0000000705c00000, 0x0000000705c00000, 0x0000000705d00000|  0%| F|  |TAMS 0x0000000705c00000, 0x0000000705c00000| Untracked 
|  93|0x0000000705d00000, 0x0000000705d00000, 0x0000000705e00000|  0%| F|  |TAMS 0x0000000705d00000, 0x0000000705d00000| Untracked 
|  94|0x0000000705e00000, 0x0000000705e00000, 0x0000000705f00000|  0%| F|  |TAMS 0x0000000705e00000, 0x0000000705e00000| Untracked 
|  95|0x0000000705f00000, 0x0000000705f00000, 0x0000000706000000|  0%| F|  |TAMS 0x0000000705f00000, 0x0000000705f00000| Untracked 
|  96|0x0000000706000000, 0x0000000706000000, 0x0000000706100000|  0%| F|  |TAMS 0x0000000706000000, 0x0000000706000000| Untracked 
|  97|0x0000000706100000, 0x0000000706100000, 0x0000000706200000|  0%| F|  |TAMS 0x0000000706100000, 0x0000000706100000| Untracked 
|  98|0x0000000706200000, 0x0000000706200000, 0x0000000706300000|  0%| F|  |TAMS 0x0000000706200000, 0x0000000706200000| Untracked 
|  99|0x0000000706300000, 0x0000000706300000, 0x0000000706400000|  0%| F|  |TAMS 0x0000000706300000, 0x0000000706300000| Untracked 
| 100|0x0000000706400000, 0x0000000706400000, 0x0000000706500000|  0%| F|  |TAMS 0x0000000706400000, 0x0000000706400000| Untracked 
| 101|0x0000000706500000, 0x0000000706500000, 0x0000000706600000|  0%| F|  |TAMS 0x0000000706500000, 0x0000000706500000| Untracked 
| 102|0x0000000706600000, 0x0000000706600000, 0x0000000706700000|  0%| F|  |TAMS 0x0000000706600000, 0x0000000706600000| Untracked 
| 103|0x0000000706700000, 0x0000000706700000, 0x0000000706800000|  0%| F|  |TAMS 0x0000000706700000, 0x0000000706700000| Untracked 
| 104|0x0000000706800000, 0x0000000706800000, 0x0000000706900000|  0%| F|  |TAMS 0x0000000706800000, 0x0000000706800000| Untracked 
| 105|0x0000000706900000, 0x0000000706900000, 0x0000000706a00000|  0%| F|  |TAMS 0x0000000706900000, 0x0000000706900000| Untracked 
| 106|0x0000000706a00000, 0x0000000706a00000, 0x0000000706b00000|  0%| F|  |TAMS 0x0000000706a00000, 0x0000000706a00000| Untracked 
| 107|0x0000000706b00000, 0x0000000706b00000, 0x0000000706c00000|  0%| F|  |TAMS 0x0000000706b00000, 0x0000000706b00000| Untracked 
| 108|0x0000000706c00000, 0x0000000706c00000, 0x0000000706d00000|  0%| F|  |TAMS 0x0000000706c00000, 0x0000000706c00000| Untracked 
| 109|0x0000000706d00000, 0x0000000706d00000, 0x0000000706e00000|  0%| F|  |TAMS 0x0000000706d00000, 0x0000000706d00000| Untracked 
| 110|0x0000000706e00000, 0x0000000706e00000, 0x0000000706f00000|  0%| F|  |TAMS 0x0000000706e00000, 0x0000000706e00000| Untracked 
| 111|0x0000000706f00000, 0x0000000706f00000, 0x0000000707000000|  0%| F|  |TAMS 0x0000000706f00000, 0x0000000706f00000| Untracked 
| 112|0x0000000707000000, 0x0000000707000000, 0x0000000707100000|  0%| F|  |TAMS 0x0000000707000000, 0x0000000707000000| Untracked 
| 113|0x0000000707100000, 0x0000000707100000, 0x0000000707200000|  0%| F|  |TAMS 0x0000000707100000, 0x0000000707100000| Untracked 
| 114|0x0000000707200000, 0x0000000707200000, 0x0000000707300000|  0%| F|  |TAMS 0x0000000707200000, 0x0000000707200000| Untracked 
| 115|0x0000000707300000, 0x0000000707300000, 0x0000000707400000|  0%| F|  |TAMS 0x0000000707300000, 0x0000000707300000| Untracked 
| 116|0x0000000707400000, 0x0000000707400000, 0x0000000707500000|  0%| F|  |TAMS 0x0000000707400000, 0x0000000707400000| Untracked 
| 117|0x0000000707500000, 0x0000000707500000, 0x0000000707600000|  0%| F|  |TAMS 0x0000000707500000, 0x0000000707500000| Untracked 
| 118|0x0000000707600000, 0x0000000707600000, 0x0000000707700000|  0%| F|  |TAMS 0x0000000707600000, 0x0000000707600000| Untracked 
| 119|0x0000000707700000, 0x0000000707700000, 0x0000000707800000|  0%| F|  |TAMS 0x0000000707700000, 0x0000000707700000| Untracked 
| 120|0x0000000707800000, 0x0000000707800000, 0x0000000707900000|  0%| F|  |TAMS 0x0000000707800000, 0x0000000707800000| Untracked 
| 121|0x0000000707900000, 0x0000000707900000, 0x0000000707a00000|  0%| F|  |TAMS 0x0000000707900000, 0x0000000707900000| Untracked 
| 122|0x0000000707a00000, 0x0000000707a00000, 0x0000000707b00000|  0%| F|  |TAMS 0x0000000707a00000, 0x0000000707a00000| Untracked 
| 123|0x0000000707b00000, 0x0000000707b00000, 0x0000000707c00000|  0%| F|  |TAMS 0x0000000707b00000, 0x0000000707b00000| Untracked 
| 124|0x0000000707c00000, 0x0000000707c00000, 0x0000000707d00000|  0%| F|  |TAMS 0x0000000707c00000, 0x0000000707c00000| Untracked 
| 125|0x0000000707d00000, 0x0000000707d00000, 0x0000000707e00000|  0%| F|  |TAMS 0x0000000707d00000, 0x0000000707d00000| Untracked 
| 126|0x0000000707e00000, 0x0000000707e00000, 0x0000000707f00000|  0%| F|  |TAMS 0x0000000707e00000, 0x0000000707e00000| Untracked 
| 127|0x0000000707f00000, 0x0000000707f00000, 0x0000000708000000|  0%| F|  |TAMS 0x0000000707f00000, 0x0000000707f00000| Untracked 
| 128|0x0000000708000000, 0x0000000708000000, 0x0000000708100000|  0%| F|  |TAMS 0x0000000708000000, 0x0000000708000000| Untracked 
| 129|0x0000000708100000, 0x0000000708100000, 0x0000000708200000|  0%| F|  |TAMS 0x0000000708100000, 0x0000000708100000| Untracked 
| 130|0x0000000708200000, 0x0000000708200000, 0x0000000708300000|  0%| F|  |TAMS 0x0000000708200000, 0x0000000708200000| Untracked 
| 131|0x0000000708300000, 0x0000000708300000, 0x0000000708400000|  0%| F|  |TAMS 0x0000000708300000, 0x0000000708300000| Untracked 
| 132|0x0000000708400000, 0x0000000708400000, 0x0000000708500000|  0%| F|  |TAMS 0x0000000708400000, 0x0000000708400000| Untracked 
| 133|0x0000000708500000, 0x0000000708500000, 0x0000000708600000|  0%| F|  |TAMS 0x0000000708500000, 0x0000000708500000| Untracked 
| 134|0x0000000708600000, 0x0000000708600000, 0x0000000708700000|  0%| F|  |TAMS 0x0000000708600000, 0x0000000708600000| Untracked 
| 135|0x0000000708700000, 0x0000000708700000, 0x0000000708800000|  0%| F|  |TAMS 0x0000000708700000, 0x0000000708700000| Untracked 
| 136|0x0000000708800000, 0x0000000708800000, 0x0000000708900000|  0%| F|  |TAMS 0x0000000708800000, 0x0000000708800000| Untracked 
| 137|0x0000000708900000, 0x0000000708900000, 0x0000000708a00000|  0%| F|  |TAMS 0x0000000708900000, 0x0000000708900000| Untracked 
| 138|0x0000000708a00000, 0x0000000708a00000, 0x0000000708b00000|  0%| F|  |TAMS 0x0000000708a00000, 0x0000000708a00000| Untracked 
| 139|0x0000000708b00000, 0x0000000708b00000, 0x0000000708c00000|  0%| F|  |TAMS 0x0000000708b00000, 0x0000000708b00000| Untracked 
| 140|0x0000000708c00000, 0x0000000708c00000, 0x0000000708d00000|  0%| F|  |TAMS 0x0000000708c00000, 0x0000000708c00000| Untracked 
| 141|0x0000000708d00000, 0x0000000708d00000, 0x0000000708e00000|  0%| F|  |TAMS 0x0000000708d00000, 0x0000000708d00000| Untracked 
| 142|0x0000000708e00000, 0x0000000708e00000, 0x0000000708f00000|  0%| F|  |TAMS 0x0000000708e00000, 0x0000000708e00000| Untracked 
| 143|0x0000000708f00000, 0x0000000708f00000, 0x0000000709000000|  0%| F|  |TAMS 0x0000000708f00000, 0x0000000708f00000| Untracked 
| 144|0x0000000709000000, 0x0000000709000000, 0x0000000709100000|  0%| F|  |TAMS 0x0000000709000000, 0x0000000709000000| Untracked 
| 145|0x0000000709100000, 0x0000000709100000, 0x0000000709200000|  0%| F|  |TAMS 0x0000000709100000, 0x0000000709100000| Untracked 
| 146|0x0000000709200000, 0x0000000709200000, 0x0000000709300000|  0%| F|  |TAMS 0x0000000709200000, 0x0000000709200000| Untracked 
| 147|0x0000000709300000, 0x0000000709300000, 0x0000000709400000|  0%| F|  |TAMS 0x0000000709300000, 0x0000000709300000| Untracked 
| 148|0x0000000709400000, 0x0000000709400000, 0x0000000709500000|  0%| F|  |TAMS 0x0000000709400000, 0x0000000709400000| Untracked 
| 149|0x0000000709500000, 0x0000000709500000, 0x0000000709600000|  0%| F|  |TAMS 0x0000000709500000, 0x0000000709500000| Untracked 
| 150|0x0000000709600000, 0x0000000709600000, 0x0000000709700000|  0%| F|  |TAMS 0x0000000709600000, 0x0000000709600000| Untracked 
| 151|0x0000000709700000, 0x0000000709700000, 0x0000000709800000|  0%| F|  |TAMS 0x0000000709700000, 0x0000000709700000| Untracked 
| 152|0x0000000709800000, 0x0000000709800000, 0x0000000709900000|  0%| F|  |TAMS 0x0000000709800000, 0x0000000709800000| Untracked 
| 153|0x0000000709900000, 0x0000000709900000, 0x0000000709a00000|  0%| F|  |TAMS 0x0000000709900000, 0x0000000709900000| Untracked 
| 154|0x0000000709a00000, 0x0000000709a00000, 0x0000000709b00000|  0%| F|  |TAMS 0x0000000709a00000, 0x0000000709a00000| Untracked 
| 155|0x0000000709b00000, 0x0000000709b00000, 0x0000000709c00000|  0%| F|  |TAMS 0x0000000709b00000, 0x0000000709b00000| Untracked 
| 156|0x0000000709c00000, 0x0000000709c00000, 0x0000000709d00000|  0%| F|  |TAMS 0x0000000709c00000, 0x0000000709c00000| Untracked 
| 157|0x0000000709d00000, 0x0000000709d00000, 0x0000000709e00000|  0%| F|  |TAMS 0x0000000709d00000, 0x0000000709d00000| Untracked 
| 158|0x0000000709e00000, 0x0000000709e00000, 0x0000000709f00000|  0%| F|  |TAMS 0x0000000709e00000, 0x0000000709e00000| Untracked 
| 159|0x0000000709f00000, 0x0000000709f00000, 0x000000070a000000|  0%| F|  |TAMS 0x0000000709f00000, 0x0000000709f00000| Untracked 
| 160|0x000000070a000000, 0x000000070a000000, 0x000000070a100000|  0%| F|  |TAMS 0x000000070a000000, 0x000000070a000000| Untracked 
| 161|0x000000070a100000, 0x000000070a100000, 0x000000070a200000|  0%| F|  |TAMS 0x000000070a100000, 0x000000070a100000| Untracked 
| 162|0x000000070a200000, 0x000000070a200000, 0x000000070a300000|  0%| F|  |TAMS 0x000000070a200000, 0x000000070a200000| Untracked 
| 163|0x000000070a300000, 0x000000070a300000, 0x000000070a400000|  0%| F|  |TAMS 0x000000070a300000, 0x000000070a300000| Untracked 
| 164|0x000000070a400000, 0x000000070a400000, 0x000000070a500000|  0%| F|  |TAMS 0x000000070a400000, 0x000000070a400000| Untracked 
| 165|0x000000070a500000, 0x000000070a500000, 0x000000070a600000|  0%| F|  |TAMS 0x000000070a500000, 0x000000070a500000| Untracked 
| 166|0x000000070a600000, 0x000000070a600000, 0x000000070a700000|  0%| F|  |TAMS 0x000000070a600000, 0x000000070a600000| Untracked 
| 167|0x000000070a700000, 0x000000070a700000, 0x000000070a800000|  0%| F|  |TAMS 0x000000070a700000, 0x000000070a700000| Untracked 
| 168|0x000000070a800000, 0x000000070a800000, 0x000000070a900000|  0%| F|  |TAMS 0x000000070a800000, 0x000000070a800000| Untracked 
| 169|0x000000070a900000, 0x000000070a900000, 0x000000070aa00000|  0%| F|  |TAMS 0x000000070a900000, 0x000000070a900000| Untracked 
| 170|0x000000070aa00000, 0x000000070aa00000, 0x000000070ab00000|  0%| F|  |TAMS 0x000000070aa00000, 0x000000070aa00000| Untracked 
| 171|0x000000070ab00000, 0x000000070ab00000, 0x000000070ac00000|  0%| F|  |TAMS 0x000000070ab00000, 0x000000070ab00000| Untracked 
| 172|0x000000070ac00000, 0x000000070ac00000, 0x000000070ad00000|  0%| F|  |TAMS 0x000000070ac00000, 0x000000070ac00000| Untracked 
| 173|0x000000070ad00000, 0x000000070ad00000, 0x000000070ae00000|  0%| F|  |TAMS 0x000000070ad00000, 0x000000070ad00000| Untracked 
| 174|0x000000070ae00000, 0x000000070ae00000, 0x000000070af00000|  0%| F|  |TAMS 0x000000070ae00000, 0x000000070ae00000| Untracked 
| 175|0x000000070af00000, 0x000000070af00000, 0x000000070b000000|  0%| F|  |TAMS 0x000000070af00000, 0x000000070af00000| Untracked 
| 176|0x000000070b000000, 0x000000070b000000, 0x000000070b100000|  0%| F|  |TAMS 0x000000070b000000, 0x000000070b000000| Untracked 
| 177|0x000000070b100000, 0x000000070b100000, 0x000000070b200000|  0%| F|  |TAMS 0x000000070b100000, 0x000000070b100000| Untracked 
| 178|0x000000070b200000, 0x000000070b200000, 0x000000070b300000|  0%| F|  |TAMS 0x000000070b200000, 0x000000070b200000| Untracked 
| 179|0x000000070b300000, 0x000000070b300000, 0x000000070b400000|  0%| F|  |TAMS 0x000000070b300000, 0x000000070b300000| Untracked 
| 180|0x000000070b400000, 0x000000070b400000, 0x000000070b500000|  0%| F|  |TAMS 0x000000070b400000, 0x000000070b400000| Untracked 
| 181|0x000000070b500000, 0x000000070b500000, 0x000000070b600000|  0%| F|  |TAMS 0x000000070b500000, 0x000000070b500000| Untracked 
| 182|0x000000070b600000, 0x000000070b600000, 0x000000070b700000|  0%| F|  |TAMS 0x000000070b600000, 0x000000070b600000| Untracked 
| 183|0x000000070b700000, 0x000000070b700000, 0x000000070b800000|  0%| F|  |TAMS 0x000000070b700000, 0x000000070b700000| Untracked 
| 184|0x000000070b800000, 0x000000070b800000, 0x000000070b900000|  0%| F|  |TAMS 0x000000070b800000, 0x000000070b800000| Untracked 
| 185|0x000000070b900000, 0x000000070b900000, 0x000000070ba00000|  0%| F|  |TAMS 0x000000070b900000, 0x000000070b900000| Untracked 
| 186|0x000000070ba00000, 0x000000070ba00000, 0x000000070bb00000|  0%| F|  |TAMS 0x000000070ba00000, 0x000000070ba00000| Untracked 
| 187|0x000000070bb00000, 0x000000070bb00000, 0x000000070bc00000|  0%| F|  |TAMS 0x000000070bb00000, 0x000000070bb00000| Untracked 
| 188|0x000000070bc00000, 0x000000070bc00000, 0x000000070bd00000|  0%| F|  |TAMS 0x000000070bc00000, 0x000000070bc00000| Untracked 
| 189|0x000000070bd00000, 0x000000070bd00000, 0x000000070be00000|  0%| F|  |TAMS 0x000000070bd00000, 0x000000070bd00000| Untracked 
| 190|0x000000070be00000, 0x000000070be00000, 0x000000070bf00000|  0%| F|  |TAMS 0x000000070be00000, 0x000000070be00000| Untracked 
| 191|0x000000070bf00000, 0x000000070bf00000, 0x000000070c000000|  0%| F|  |TAMS 0x000000070bf00000, 0x000000070bf00000| Untracked 
| 192|0x000000070c000000, 0x000000070c000000, 0x000000070c100000|  0%| F|  |TAMS 0x000000070c000000, 0x000000070c000000| Untracked 
| 193|0x000000070c100000, 0x000000070c100000, 0x000000070c200000|  0%| F|  |TAMS 0x000000070c100000, 0x000000070c100000| Untracked 
| 194|0x000000070c200000, 0x000000070c200000, 0x000000070c300000|  0%| F|  |TAMS 0x000000070c200000, 0x000000070c200000| Untracked 
| 195|0x000000070c300000, 0x000000070c300000, 0x000000070c400000|  0%| F|  |TAMS 0x000000070c300000, 0x000000070c300000| Untracked 
| 196|0x000000070c400000, 0x000000070c400000, 0x000000070c500000|  0%| F|  |TAMS 0x000000070c400000, 0x000000070c400000| Untracked 
| 197|0x000000070c500000, 0x000000070c500000, 0x000000070c600000|  0%| F|  |TAMS 0x000000070c500000, 0x000000070c500000| Untracked 
| 198|0x000000070c600000, 0x000000070c600000, 0x000000070c700000|  0%| F|  |TAMS 0x000000070c600000, 0x000000070c600000| Untracked 
| 199|0x000000070c700000, 0x000000070c700000, 0x000000070c800000|  0%| F|  |TAMS 0x000000070c700000, 0x000000070c700000| Untracked 
| 200|0x000000070c800000, 0x000000070c800000, 0x000000070c900000|  0%| F|  |TAMS 0x000000070c800000, 0x000000070c800000| Untracked 
| 201|0x000000070c900000, 0x000000070c900000, 0x000000070ca00000|  0%| F|  |TAMS 0x000000070c900000, 0x000000070c900000| Untracked 
| 202|0x000000070ca00000, 0x000000070ca00000, 0x000000070cb00000|  0%| F|  |TAMS 0x000000070ca00000, 0x000000070ca00000| Untracked 
| 203|0x000000070cb00000, 0x000000070cb00000, 0x000000070cc00000|  0%| F|  |TAMS 0x000000070cb00000, 0x000000070cb00000| Untracked 
| 204|0x000000070cc00000, 0x000000070cc00000, 0x000000070cd00000|  0%| F|  |TAMS 0x000000070cc00000, 0x000000070cc00000| Untracked 
| 205|0x000000070cd00000, 0x000000070cd00000, 0x000000070ce00000|  0%| F|  |TAMS 0x000000070cd00000, 0x000000070cd00000| Untracked 
| 206|0x000000070ce00000, 0x000000070ce00000, 0x000000070cf00000|  0%| F|  |TAMS 0x000000070ce00000, 0x000000070ce00000| Untracked 
| 207|0x000000070cf00000, 0x000000070d000000, 0x000000070d000000|100%| S|CS|TAMS 0x000000070cf00000, 0x000000070cf00000| Complete 
| 208|0x000000070d000000, 0x000000070d100000, 0x000000070d100000|100%| S|CS|TAMS 0x000000070d000000, 0x000000070d000000| Complete 
| 209|0x000000070d100000, 0x000000070d200000, 0x000000070d200000|100%| S|CS|TAMS 0x000000070d100000, 0x000000070d100000| Complete 
| 210|0x000000070d200000, 0x000000070d300000, 0x000000070d300000|100%| S|CS|TAMS 0x000000070d200000, 0x000000070d200000| Complete 
| 211|0x000000070d300000, 0x000000070d400000, 0x000000070d400000|100%| S|CS|TAMS 0x000000070d300000, 0x000000070d300000| Complete 
| 212|0x000000070d400000, 0x000000070d400000, 0x000000070d500000|  0%| F|  |TAMS 0x000000070d400000, 0x000000070d400000| Untracked 
| 213|0x000000070d500000, 0x000000070d500000, 0x000000070d600000|  0%| F|  |TAMS 0x000000070d500000, 0x000000070d500000| Untracked 
| 214|0x000000070d600000, 0x000000070d600000, 0x000000070d700000|  0%| F|  |TAMS 0x000000070d600000, 0x000000070d600000| Untracked 
| 215|0x000000070d700000, 0x000000070d700000, 0x000000070d800000|  0%| F|  |TAMS 0x000000070d700000, 0x000000070d700000| Untracked 
| 216|0x000000070d800000, 0x000000070d800000, 0x000000070d900000|  0%| F|  |TAMS 0x000000070d800000, 0x000000070d800000| Untracked 
| 217|0x000000070d900000, 0x000000070d900000, 0x000000070da00000|  0%| F|  |TAMS 0x000000070d900000, 0x000000070d900000| Untracked 
| 218|0x000000070da00000, 0x000000070da00000, 0x000000070db00000|  0%| F|  |TAMS 0x000000070da00000, 0x000000070da00000| Untracked 
| 219|0x000000070db00000, 0x000000070db00000, 0x000000070dc00000|  0%| F|  |TAMS 0x000000070db00000, 0x000000070db00000| Untracked 
| 220|0x000000070dc00000, 0x000000070dc00000, 0x000000070dd00000|  0%| F|  |TAMS 0x000000070dc00000, 0x000000070dc00000| Untracked 
| 221|0x000000070dd00000, 0x000000070dd00000, 0x000000070de00000|  0%| F|  |TAMS 0x000000070dd00000, 0x000000070dd00000| Untracked 
| 222|0x000000070de00000, 0x000000070de00000, 0x000000070df00000|  0%| F|  |TAMS 0x000000070de00000, 0x000000070de00000| Untracked 
| 223|0x000000070df00000, 0x000000070df00000, 0x000000070e000000|  0%| F|  |TAMS 0x000000070df00000, 0x000000070df00000| Untracked 
| 224|0x000000070e000000, 0x000000070e000000, 0x000000070e100000|  0%| F|  |TAMS 0x000000070e000000, 0x000000070e000000| Untracked 
| 225|0x000000070e100000, 0x000000070e100000, 0x000000070e200000|  0%| F|  |TAMS 0x000000070e100000, 0x000000070e100000| Untracked 
| 226|0x000000070e200000, 0x000000070e200000, 0x000000070e300000|  0%| F|  |TAMS 0x000000070e200000, 0x000000070e200000| Untracked 
| 227|0x000000070e300000, 0x000000070e300000, 0x000000070e400000|  0%| F|  |TAMS 0x000000070e300000, 0x000000070e300000| Untracked 
| 228|0x000000070e400000, 0x000000070e400000, 0x000000070e500000|  0%| F|  |TAMS 0x000000070e400000, 0x000000070e400000| Untracked 
| 229|0x000000070e500000, 0x000000070e500000, 0x000000070e600000|  0%| F|  |TAMS 0x000000070e500000, 0x000000070e500000| Untracked 
| 230|0x000000070e600000, 0x000000070e600000, 0x000000070e700000|  0%| F|  |TAMS 0x000000070e600000, 0x000000070e600000| Untracked 
| 231|0x000000070e700000, 0x000000070e700000, 0x000000070e800000|  0%| F|  |TAMS 0x000000070e700000, 0x000000070e700000| Untracked 
| 232|0x000000070e800000, 0x000000070e800000, 0x000000070e900000|  0%| F|  |TAMS 0x000000070e800000, 0x000000070e800000| Untracked 
| 233|0x000000070e900000, 0x000000070e900000, 0x000000070ea00000|  0%| F|  |TAMS 0x000000070e900000, 0x000000070e900000| Untracked 
| 234|0x000000070ea00000, 0x000000070ea00000, 0x000000070eb00000|  0%| F|  |TAMS 0x000000070ea00000, 0x000000070ea00000| Untracked 
| 235|0x000000070eb00000, 0x000000070eb00000, 0x000000070ec00000|  0%| F|  |TAMS 0x000000070eb00000, 0x000000070eb00000| Untracked 
| 236|0x000000070ec00000, 0x000000070ec00000, 0x000000070ed00000|  0%| F|  |TAMS 0x000000070ec00000, 0x000000070ec00000| Untracked 
| 237|0x000000070ed00000, 0x000000070ed00000, 0x000000070ee00000|  0%| F|  |TAMS 0x000000070ed00000, 0x000000070ed00000| Untracked 
| 238|0x000000070ee00000, 0x000000070ee00000, 0x000000070ef00000|  0%| F|  |TAMS 0x000000070ee00000, 0x000000070ee00000| Untracked 
| 239|0x000000070ef00000, 0x000000070ef00000, 0x000000070f000000|  0%| F|  |TAMS 0x000000070ef00000, 0x000000070ef00000| Untracked 
| 240|0x000000070f000000, 0x000000070f000000, 0x000000070f100000|  0%| F|  |TAMS 0x000000070f000000, 0x000000070f000000| Untracked 
| 241|0x000000070f100000, 0x000000070f100000, 0x000000070f200000|  0%| F|  |TAMS 0x000000070f100000, 0x000000070f100000| Untracked 
| 242|0x000000070f200000, 0x000000070f200000, 0x000000070f300000|  0%| F|  |TAMS 0x000000070f200000, 0x000000070f200000| Untracked 
| 243|0x000000070f300000, 0x000000070f300000, 0x000000070f400000|  0%| F|  |TAMS 0x000000070f300000, 0x000000070f300000| Untracked 
| 244|0x000000070f400000, 0x000000070f400000, 0x000000070f500000|  0%| F|  |TAMS 0x000000070f400000, 0x000000070f400000| Untracked 
| 245|0x000000070f500000, 0x000000070f500000, 0x000000070f600000|  0%| F|  |TAMS 0x000000070f500000, 0x000000070f500000| Untracked 
| 246|0x000000070f600000, 0x000000070f600000, 0x000000070f700000|  0%| F|  |TAMS 0x000000070f600000, 0x000000070f600000| Untracked 
| 247|0x000000070f700000, 0x000000070f700000, 0x000000070f800000|  0%| F|  |TAMS 0x000000070f700000, 0x000000070f700000| Untracked 
| 248|0x000000070f800000, 0x000000070f800000, 0x000000070f900000|  0%| F|  |TAMS 0x000000070f800000, 0x000000070f800000| Untracked 
| 249|0x000000070f900000, 0x000000070f97c798, 0x000000070fa00000| 48%| E|  |TAMS 0x000000070f900000, 0x000000070f900000| Complete 
| 250|0x000000070fa00000, 0x000000070fb00000, 0x000000070fb00000|100%| E|CS|TAMS 0x000000070fa00000, 0x000000070fa00000| Complete 
| 251|0x000000070fb00000, 0x000000070fc00000, 0x000000070fc00000|100%| E|CS|TAMS 0x000000070fb00000, 0x000000070fb00000| Complete 
| 252|0x000000070fc00000, 0x000000070fd00000, 0x000000070fd00000|100%| E|CS|TAMS 0x000000070fc00000, 0x000000070fc00000| Complete 
| 253|0x000000070fd00000, 0x000000070fe00000, 0x000000070fe00000|100%| E|CS|TAMS 0x000000070fd00000, 0x000000070fd00000| Complete 
| 254|0x000000070fe00000, 0x000000070ff00000, 0x000000070ff00000|100%| E|CS|TAMS 0x000000070fe00000, 0x000000070fe00000| Complete 
| 255|0x000000070ff00000, 0x0000000710000000, 0x0000000710000000|100%| E|CS|TAMS 0x000000070ff00000, 0x000000070ff00000| Complete 

Card table byte_map: [0x0000000111ef0000,0x00000001126f0000] _byte_map_base: 0x000000010e6f0000

Marking Bits (Prev, Next): (CMBitMap*) 0x00007f9b7d02d850, (CMBitMap*) 0x00007f9b7d02d818
 Prev Bits: [0x00000001272a6000, 0x000000012b2a6000)
 Next Bits: [0x00000001232a6000, 0x00000001272a6000)

Polling page: 0x0000000107c8d000

Metaspace:

Usage:
  Non-class:     29.70 MB capacity,    29.02 MB ( 98%) used,   553.77 KB (  2%) free+waste,   140.69 KB ( <1%) overhead. 
      Class:      4.78 MB capacity,     4.26 MB ( 89%) used,   467.09 KB ( 10%) free+waste,    72.12 KB (  1%) overhead. 
       Both:     34.48 MB capacity,    33.28 MB ( 97%) used,  1020.87 KB (  3%) free+waste,   212.81 KB ( <1%) overhead. 

Virtual space:
  Non-class space:       30.00 MB reserved,      30.00 MB (100%) committed 
      Class space:        1.00 GB reserved,       4.88 MB ( <1%) committed 
             Both:        1.03 GB reserved,      34.88 MB (  3%) committed 

Chunk freelists:
   Non-Class:  60.00 KB
       Class:  30.00 KB
        Both:  90.00 KB

MaxMetaspaceSize: unlimited
CompressedClassSpaceSize: 1.00 GB

CodeHeap 'non-profiled nmethods': size=120032Kb used=1016Kb max_used=1016Kb free=119016Kb
 bounds [0x000000011bd6e000, 0x000000011bfde000, 0x00000001232a6000]
CodeHeap 'profiled nmethods': size=120032Kb used=5880Kb max_used=5880Kb free=114151Kb
 bounds [0x0000000114836000, 0x0000000114df6000, 0x000000011bd6e000]
CodeHeap 'non-nmethods': size=5696Kb used=1384Kb max_used=1407Kb free=4311Kb
 bounds [0x00000001142a6000, 0x0000000114516000, 0x0000000114836000]
 total_blobs=4035 nmethods=3176 adapters=770
 compilation: enabled
              stopped_count=0, restarted_count=0
 full_count=0

Compilation events (20 events):
Event: 9.649 Thread 0x00007f9b7b065800 nmethod 3223 0x0000000114dee110 code [0x0000000114dee320, 0x0000000114deeaa0]
Event: 9.649 Thread 0x00007f9b7b065800 3224       3       javafx.scene.input.InputEvent::<init> (8 bytes)
Event: 9.649 Thread 0x00007f9b7b065800 nmethod 3224 0x0000000114deee10 code [0x0000000114deefc0, 0x0000000114def0e0]
Event: 9.657 Thread 0x00007f9b7b045000 3227       4       com.sun.javafx.css.BitSet::add (125 bytes)
Event: 9.658 Thread 0x00007f9b7b065800 3228       3       com.sun.javafx.event.EventHandlerManager::dispatchBubblingEvent (34 bytes)
Event: 9.658 Thread 0x00007f9b7b065800 nmethod 3228 0x0000000114def190 code [0x0000000114def3a0, 0x0000000114defa10]
Event: 9.658 Thread 0x00007f9b7b065800 3230       3       com.sun.javafx.event.CompositeEventDispatcher::dispatchCapturingEvent (35 bytes)
Event: 9.659 Thread 0x00007f9b7b065800 nmethod 3230 0x0000000114defc10 code [0x0000000114defe00, 0x0000000114df0250]
Event: 9.659 Thread 0x00007f9b7b065800 3229       3       com.sun.javafx.event.BasicEventDispatcher::dispatchEvent (44 bytes)
Event: 9.659 Thread 0x00007f9b7b065800 nmethod 3229 0x0000000114df0390 code [0x0000000114df0580, 0x0000000114df0ae0]
Event: 9.659 Thread 0x00007f9b7b065800 3225       3       com.sun.javafx.tk.quantum.QuantumToolkit::getMultiClickMaxX (4 bytes)
Event: 9.659 Thread 0x00007f9b7b065800 nmethod 3225 0x0000000114df0c90 code [0x0000000114df0e60, 0x0000000114df1110]
Event: 9.659 Thread 0x00007f9b7b065800 3226       3       com.sun.glass.ui.View::getMultiClickMaxX (10 bytes)
Event: 9.660 Thread 0x00007f9b7b065800 nmethod 3226 0x0000000114df1210 code [0x0000000114df1420, 0x0000000114df1860]
Event: 9.676 Thread 0x00007f9b7b065800 3231       3       javafx.scene.Parent::pickChildrenNode (53 bytes)
Event: 9.677 Thread 0x00007f9b7b065800 nmethod 3231 0x0000000114df1a10 code [0x0000000114df1c20, 0x0000000114df22d0]
Event: 9.677 Thread 0x00007f9b7b065800 3233       3       javafx.scene.Node::sceneToLocal (21 bytes)
Event: 9.679 Thread 0x00007f9b7b045000 nmethod 3227 0x000000011be6b490 code [0x000000011be6b680, 0x000000011be6bc78]
Event: 9.679 Thread 0x00007f9b7b045000 3237   !   4       javafx.scene.CssStyleHelper::lookup (512 bytes)
Event: 9.688 Thread 0x00007f9b7b065800 nmethod 3233 0x0000000114df2510 code [0x0000000114df27e0, 0x0000000114df3ce0]

GC Heap History (6 events):
Event: 0.788 GC heap before
{Heap before GC invocations=0 (full 0):
 garbage-first heap   total 262144K, used 13312K [0x0000000700000000, 0x0000000800000000)
  region size 1024K, 14 young (14336K), 0 survivors (0K)
 Metaspace       used 9060K, capacity 9303K, committed 9472K, reserved 1058816K
  class space    used 915K, capacity 1023K, committed 1024K, reserved 1048576K
}
Event: 0.791 GC heap after
{Heap after GC invocations=1 (full 0):
 garbage-first heap   total 262144K, used 1882K [0x0000000700000000, 0x0000000800000000)
  region size 1024K, 2 young (2048K), 2 survivors (2048K)
 Metaspace       used 9060K, capacity 9303K, committed 9472K, reserved 1058816K
  class space    used 915K, capacity 1023K, committed 1024K, reserved 1048576K
}
Event: 4.252 GC heap before
{Heap before GC invocations=1 (full 0):
 garbage-first heap   total 262144K, used 35674K [0x0000000700000000, 0x0000000800000000)
  region size 1024K, 36 young (36864K), 2 survivors (2048K)
 Metaspace       used 20482K, capacity 21103K, committed 21248K, reserved 1067008K
  class space    used 2475K, capacity 2766K, committed 2816K, reserved 1048576K
}
Event: 4.266 GC heap after
{Heap after GC invocations=2 (full 0):
 garbage-first heap   total 262144K, used 7057K [0x0000000700000000, 0x0000000800000000)
  region size 1024K, 7 young (7168K), 7 survivors (7168K)
 Metaspace       used 20482K, capacity 21103K, committed 21248K, reserved 1067008K
  class space    used 2475K, capacity 2766K, committed 2816K, reserved 1048576K
}
Event: 7.632 GC heap before
{Heap before GC invocations=3 (full 0):
 garbage-first heap   total 262144K, used 45969K [0x0000000700000000, 0x0000000800000000)
  region size 1024K, 44 young (45056K), 7 survivors (7168K)
 Metaspace       used 33413K, capacity 34594K, committed 34816K, reserved 1079296K
  class space    used 4299K, capacity 4810K, committed 4864K, reserved 1048576K
}
Event: 7.660 GC heap after
{Heap after GC invocations=4 (full 0):
 garbage-first heap   total 262144K, used 14051K [0x0000000700000000, 0x0000000800000000)
  region size 1024K, 5 young (5120K), 5 survivors (5120K)
 Metaspace       used 33413K, capacity 34594K, committed 34816K, reserved 1079296K
  class space    used 4299K, capacity 4810K, committed 4864K, reserved 1048576K
}

Deoptimization events (20 events):
Event: 7.148 Thread 0x00007f9b7d1fd800 DEOPT PACKING pc=0x000000011be22c38 sp=0x00007ff7b83a8e50
Event: 7.148 Thread 0x00007f9b7d1fd800 DEOPT UNPACKING pc=0x00000001142cb925 sp=0x00007ff7b83a8e08 mode 2
Event: 7.291 Thread 0x00007f9b7d1fd800 DEOPT PACKING pc=0x0000000114c0b1a4 sp=0x00007ff7b83aaf00
Event: 7.291 Thread 0x00007f9b7d1fd800 DEOPT UNPACKING pc=0x00000001142cc0ca sp=0x00007ff7b83aa400 mode 0
Event: 7.291 Thread 0x00007f9b7d1fd800 DEOPT PACKING pc=0x0000000114c0b1a4 sp=0x00007ff7b83ab980
Event: 7.291 Thread 0x00007f9b7d1fd800 DEOPT UNPACKING pc=0x00000001142cc0ca sp=0x00007ff7b83aae80 mode 0
Event: 7.304 Thread 0x00007f9b7d1fd800 Uncommon trap: trap_request=0xffffffbe fr.pc=0x000000011be22c38 relative=0x0000000000000758
Event: 7.304 Thread 0x00007f9b7d1fd800 Uncommon trap: reason=profile_predicate action=maybe_recompile pc=0x000000011be22c38 method=java.lang.PublicMethods$MethodList.filter([Ljava/lang/reflect/Method;Ljava/lang/String;[Ljava/lang/Class;Z)Ljava/lang/PublicMethods$MethodList; @ 21 c2
Event: 7.304 Thread 0x00007f9b7d1fd800 DEOPT PACKING pc=0x000000011be22c38 sp=0x00007ff7b83a9590
Event: 7.304 Thread 0x00007f9b7d1fd800 DEOPT UNPACKING pc=0x00000001142cb925 sp=0x00007ff7b83a9548 mode 2
Event: 7.611 Thread 0x00007f9b7d1fd800 Uncommon trap: trap_request=0xffffffbe fr.pc=0x000000011be22c38 relative=0x0000000000000758
Event: 7.611 Thread 0x00007f9b7d1fd800 Uncommon trap: reason=profile_predicate action=maybe_recompile pc=0x000000011be22c38 method=java.lang.PublicMethods$MethodList.filter([Ljava/lang/reflect/Method;Ljava/lang/String;[Ljava/lang/Class;Z)Ljava/lang/PublicMethods$MethodList; @ 21 c2
Event: 7.611 Thread 0x00007f9b7d1fd800 DEOPT PACKING pc=0x000000011be22c38 sp=0x00007ff7b83a91a0
Event: 7.611 Thread 0x00007f9b7d1fd800 DEOPT UNPACKING pc=0x00000001142cb925 sp=0x00007ff7b83a9158 mode 2
Event: 7.669 Thread 0x00007f9b7d1fd800 Uncommon trap: trap_request=0xffffffbe fr.pc=0x000000011be22c38 relative=0x0000000000000758
Event: 7.669 Thread 0x00007f9b7d1fd800 Uncommon trap: reason=profile_predicate action=maybe_recompile pc=0x000000011be22c38 method=java.lang.PublicMethods$MethodList.filter([Ljava/lang/reflect/Method;Ljava/lang/String;[Ljava/lang/Class;Z)Ljava/lang/PublicMethods$MethodList; @ 21 c2
Event: 7.669 Thread 0x00007f9b7d1fd800 DEOPT PACKING pc=0x000000011be22c38 sp=0x00007ff7b83a9250
Event: 7.669 Thread 0x00007f9b7d1fd800 DEOPT UNPACKING pc=0x00000001142cb925 sp=0x00007ff7b83a9208 mode 2
Event: 8.154 Thread 0x00007f9b7c912000 DEOPT PACKING pc=0x0000000114ad55ef sp=0x00007000038fd6a0
Event: 8.154 Thread 0x00007f9b7c912000 DEOPT UNPACKING pc=0x00000001142cc0ca sp=0x00007000038fcc60 mode 0

Classes redefined (0 events):
No events

Internal exceptions (20 events):
Event: 3.771 Thread 0x00007f9b7d1fd800 Implicit null exception at 0x000000011bdb3778 to 0x000000011bdb3806
Event: 4.200 Thread 0x00007f9b7d1fd800 Exception <a 'java/lang/NoSuchMethodError'{0x000000070dd85510}: 'java.lang.Object java.lang.invoke.DirectMethodHandle$Holder.invokeInterface(java.lang.Object, java.lang.Object, java.lang.Object)'> (0x000000070dd85510) thrown at [./src/hotspot/share/interpreter/linkResolver.cpp, line 773]
Event: 4.200 Thread 0x00007f9b7d1fd800 Exception <a 'java/lang/IncompatibleClassChangeError'{0x000000070dd886c8}: Found class java.lang.Object, but interface was expected> (0x000000070dd886c8) thrown at [./src/hotspot/share/interpreter/linkResolver.cpp, line 839]
Event: 4.388 Thread 0x00007f9b7d1fd800 Exception <a 'java/lang/NoSuchMethodError'{0x000000070fdc97f8}: 'java.lang.Object java.lang.invoke.DirectMethodHandle$Holder.invokeVirtual(java.lang.Object, java.lang.Object, java.lang.Object)'> (0x000000070fdc97f8) thrown at [./src/hotspot/share/interpreter/linkResolver.cpp, line 773]
Event: 4.553 Thread 0x00007f9b7d1fd800 Exception <a 'java/lang/ClassNotFoundException'{0x000000070f921fb0}: jdk/net/ExtendedSocketOptions> (0x000000070f921fb0) thrown at [./src/hotspot/share/classfile/systemDictionary.cpp, line 231]
Event: 4.854 Thread 0x00007f9b7d1fd800 Exception <a 'java/lang/NoSuchMethodError'{0x000000070f5c44e0}: 'int java.lang.invoke.DirectMethodHandle$Holder.invokeStaticInit(java.lang.Object, java.lang.Object, java.lang.Object, java.lang.Object)'> (0x000000070f5c44e0) thrown at [./src/hotspot/share/interpreter/linkResolver.cpp, line 773]
Event: 4.855 Thread 0x00007f9b7d1fd800 Exception <a 'java/lang/IncompatibleClassChangeError'{0x000000070f5cd200}: Found class java.lang.Object, but interface was expected> (0x000000070f5cd200) thrown at [./src/hotspot/share/interpreter/linkResolver.cpp, line 839]
Event: 4.857 Thread 0x00007f9b7d1fd800 Exception <a 'java/lang/NoSuchMethodError'{0x000000070f5d3710}: 'int java.lang.invoke.DirectMethodHandle$Holder.invokeStaticInit(java.lang.Object, java.lang.Object)'> (0x000000070f5d3710) thrown at [./src/hotspot/share/interpreter/linkResolver.cpp, line 773]
Event: 6.091 Thread 0x00007f9b7d1fd800 Exception <a 'java/lang/NoSuchMethodError'{0x000000070eb97140}: 'java.lang.Object java.lang.invoke.DirectMethodHandle$Holder.invokeStatic(java.lang.Object, java.lang.Object, long, int, int, int)'> (0x000000070eb97140) thrown at [./src/hotspot/share/interpreter/linkResolver.cpp, line 773]
Event: 6.092 Thread 0x00007f9b7d1fd800 Exception <a 'java/lang/NoSuchMethodError'{0x000000070ebaada8}: 'java.lang.Object java.lang.invoke.DirectMethodHandle$Holder.invokeStatic(java.lang.Object, java.lang.Object, int, java.lang.Object, long, int, int, int, int)'> (0x000000070ebaada8) thrown at [./src/hotspot/share/interpreter/linkResolver.cpp, line 773]
Event: 6.982 Thread 0x00007f9b7d1fd800 Exception <a 'java/lang/NoSuchMethodError'{0x000000070ea9da20}: 'java.lang.Object java.lang.invoke.DirectMethodHandle$Holder.invokeStatic(java.lang.Object, java.lang.Object, int, int, int, int, int, java.lang.Object)'> (0x000000070ea9da20) thrown at [./src/hotspot/share/interpreter/linkResolver.cpp, line 773]
Event: 6.984 Thread 0x00007f9b7d1fd800 Exception <a 'java/lang/NoSuchMethodError'{0x000000070eaae2b8}: 'java.lang.Object java.lang.invoke.DirectMethodHandle$Holder.invokeStatic(java.lang.Object, java.lang.Object, java.lang.Object, int, int, int, int, int)'> (0x000000070eaae2b8) thrown at [./src/hotspot/share/interpreter/linkResolver.cpp, line 773]
Event: 6.984 Thread 0x00007f9b7d1fd800 Exception <a 'java/lang/NoSuchMethodError'{0x000000070eab4dd0}: 'java.lang.Object java.lang.invoke.Invokers$Holder.linkToTargetMethod(java.lang.Object, java.lang.Object, int, int, int, int, int, java.lang.Object)'> (0x000000070eab4dd0) thrown at [./src/hotspot/share/interpreter/linkResolver.cpp, line 773]
Event: 6.987 Thread 0x00007f9b7d1fd800 Exception <a 'java/lang/NoSuchMethodError'{0x000000070eacf980}: 'long java.lang.invoke.DirectMethodHandle$Holder.invokeStaticInit(java.lang.Object, java.lang.Object, java.lang.Object)'> (0x000000070eacf980) thrown at [./src/hotspot/share/interpreter/linkResolver.cpp, line 773]
Event: 6.990 Thread 0x00007f9b7d1fd800 Exception <a 'java/lang/NoSuchMethodError'{0x000000070eae8138}: 'java.lang.Object java.lang.invoke.DirectMethodHandle$Holder.invokeStatic(java.lang.Object, java.lang.Object, long)'> (0x000000070eae8138) thrown at [./src/hotspot/share/interpreter/linkResolver.cpp, line 773]
Event: 6.990 Thread 0x00007f9b7d1fd800 Exception <a 'java/lang/NoSuchMethodError'{0x000000070eaee2b0}: 'java.lang.Object java.lang.invoke.Invokers$Holder.linkToTargetMethod(java.lang.Object, long, java.lang.Object)'> (0x000000070eaee2b0) thrown at [./src/hotspot/share/interpreter/linkResolver.cpp, line 773]
Event: 7.339 Thread 0x00007f9b7d1fd800 Exception <a 'java/lang/ClassNotFoundException'{0x000000070e3e1578}: com/sun/javafx/scene/control/skin/resources/controls> (0x000000070e3e1578) thrown at [./src/hotspot/share/prims/jni.cpp, line 636]
Event: 7.341 Thread 0x00007f9b7d1fd800 Exception <a 'java/lang/ClassNotFoundException'{0x000000070e3ef360}: com/sun/javafx/scene/control/skin/resources/controls_en> (0x000000070e3ef360) thrown at [./src/hotspot/share/prims/jni.cpp, line 636]
Event: 7.342 Thread 0x00007f9b7d1fd800 Exception <a 'java/lang/ClassNotFoundException'{0x000000070e3f1328}: com/sun/javafx/scene/control/skin/resources/controls_en_GH> (0x000000070e3f1328) thrown at [./src/hotspot/share/prims/jni.cpp, line 636]
Event: 7.395 Thread 0x00007f9b7d1fd800 Exception <a 'java/lang/NoSuchMethodError'{0x000000070e160d50}: 'void java.lang.invoke.DirectMethodHandle$Holder.invokeSpecial(java.lang.Object, java.lang.Object, java.lang.Object, java.lang.Object, java.lang.Object, java.lang.Object)'> (0x000000070e160d50) thrown at [./src/hotspot/share/interpreter/linkResolver.cpp, line 773]

Events (20 events):
Event: 7.781 loading class javafx/beans/value/ObservableValue
Event: 7.781 loading class javafx/beans/value/ObservableValue done
Event: 7.781 loading class javafx/scene/control/skin/TableRowSkinBase
Event: 7.781 loading class javafx/scene/control/skin/TableRowSkinBase done
Event: 7.805 loading class javafx/beans/value/ObservableValue
Event: 7.805 loading class javafx/beans/value/ObservableValue done
Event: 7.805 loading class javafx/beans/value/ObservableValue
Event: 7.805 loading class javafx/beans/value/ObservableValue done
Event: 7.805 loading class javafx/scene/control/skin/TableRowSkin
Event: 7.805 loading class javafx/scene/control/skin/TableRowSkin done
Event: 7.805 loading class javafx/beans/property/DoubleProperty
Event: 7.805 loading class javafx/beans/property/DoubleProperty done
Event: 7.806 loading class javafx/scene/control/skin/TableRowSkin
Event: 7.806 loading class javafx/scene/control/skin/TableRowSkin done
Event: 7.806 loading class javafx/scene/control/TableView
Event: 7.806 loading class javafx/scene/control/TableView done
Event: 7.806 loading class javafx/scene/control/TableView
Event: 7.806 loading class javafx/scene/control/TableView done
Event: 8.151 loading class java/nio/DirectFloatBufferU
Event: 8.151 loading class java/nio/DirectFloatBufferU done


Dynamic libraries:
0x0000000107c6e000 	/Library/Java/JavaVirtualMachines/adoptopenjdk-11.jdk/Contents/Home/lib/jli/libjli.dylib
0x00007ff82a687000 	/System/Library/Frameworks/Cocoa.framework/Versions/A/Cocoa
0x00007ff816304000 	/System/Library/Frameworks/AppKit.framework/Versions/C/AppKit
0x00007ff81980f000 	/System/Library/Frameworks/CoreData.framework/Versions/A/CoreData
0x00007ff814710000 	/System/Library/Frameworks/Foundation.framework/Versions/C/Foundation
0x00007ff81e630000 	/usr/lib/libSystem.B.dylib
0x00007ff817192000 	/System/Library/PrivateFrameworks/UIFoundation.framework/Versions/A/UIFoundation
0x00007ff824591000 	/System/Library/PrivateFrameworks/RemoteViewServices.framework/Versions/A/RemoteViewServices
0x00007ff81c87b000 	/System/Library/PrivateFrameworks/XCTTargetBootstrap.framework/Versions/A/XCTTargetBootstrap
0x00007ff820437000 	/System/Library/PrivateFrameworks/InternationalSupport.framework/Versions/A/InternationalSupport
0x00007ff8204c1000 	/System/Library/PrivateFrameworks/UserActivity.framework/Versions/A/UserActivity
0x00007ff81f817000 	/usr/lib/libspindump.dylib
0x00007ff817420000 	/System/Library/Frameworks/UniformTypeIdentifiers.framework/Versions/A/UniformTypeIdentifiers
0x00007ff81afa4000 	/usr/lib/libapp_launch_measurement.dylib
0x00007ff81a1df000 	/System/Library/PrivateFrameworks/CoreAnalytics.framework/Versions/A/CoreAnalytics
0x00007ff81afa7000 	/System/Library/PrivateFrameworks/CoreAutoLayout.framework/Versions/A/CoreAutoLayout
0x00007ff81c1d5000 	/System/Library/Frameworks/Metal.framework/Versions/A/Metal
0x00007ff81cf01000 	/usr/lib/liblangid.dylib
0x00007ff81c880000 	/System/Library/PrivateFrameworks/CoreSVG.framework/Versions/A/CoreSVG
0x00007ff818807000 	/System/Library/PrivateFrameworks/SkyLight.framework/Versions/A/SkyLight
0x00007ff818ba5000 	/System/Library/Frameworks/CoreGraphics.framework/Versions/A/CoreGraphics
0x00007ff824c51000 	/System/Library/Frameworks/Accelerate.framework/Versions/A/Accelerate
0x00007ff81f296000 	/System/Library/PrivateFrameworks/IconServices.framework/Versions/A/IconServices
0x00007ff81c1ba000 	/System/Library/Frameworks/IOSurface.framework/Versions/A/IOSurface
0x00007ff81a20d000 	/usr/lib/libDiagnosticMessagesClient.dylib
0x00007ff81e550000 	/usr/lib/libz.1.dylib
0x00007ff828334000 	/System/Library/Frameworks/ApplicationServices.framework/Versions/A/ApplicationServices
0x00007ff81c867000 	/System/Library/PrivateFrameworks/DFRFoundation.framework/Versions/A/DFRFoundation
0x00007ff815bec000 	/usr/lib/libicucore.A.dylib
0x00007ff82122c000 	/System/Library/Frameworks/AudioToolbox.framework/Versions/A/AudioToolbox
0x00007ff820443000 	/System/Library/PrivateFrameworks/DataDetectorsCore.framework/Versions/A/DataDetectorsCore
0x00007ff91c3d0000 	/System/Library/PrivateFrameworks/TextInput.framework/Versions/A/TextInput
0x00007ff81878a000 	/usr/lib/libMobileGestalt.dylib
0x00007ff81c573000 	/System/Library/Frameworks/Carbon.framework/Versions/A/Frameworks/HIToolbox.framework/Versions/A/HIToolbox
0x00007ff81a9aa000 	/System/Library/Frameworks/QuartzCore.framework/Versions/A/QuartzCore
0x00007ff815893000 	/System/Library/Frameworks/Security.framework/Versions/A/Security
0x00007ff8245c9000 	/System/Library/Frameworks/Carbon.framework/Versions/A/Frameworks/SpeechRecognition.framework/Versions/A/SpeechRecognition
0x00007ff81ad04000 	/System/Library/PrivateFrameworks/CoreUI.framework/Versions/A/CoreUI
0x00007ff81515f000 	/System/Library/Frameworks/CoreAudio.framework/Versions/A/CoreAudio
0x00007ff81a2fc000 	/System/Library/Frameworks/DiskArbitration.framework/Versions/A/DiskArbitration
0x00007ff81fc05000 	/System/Library/PrivateFrameworks/MultitouchSupport.framework/Versions/A/MultitouchSupport
0x00007ff818789000 	/usr/lib/libenergytrace.dylib
0x00007ff8161f0000 	/System/Library/Frameworks/IOKit.framework/Versions/A/IOKit
0x00007ff8249b9000 	/System/Library/Frameworks/CoreServices.framework/Versions/A/CoreServices
0x00007ff81af3e000 	/System/Library/PrivateFrameworks/PerformanceAnalysis.framework/Versions/A/PerformanceAnalysis
0x00007ffa2b8f4000 	/System/Library/Frameworks/OpenGL.framework/Versions/A/OpenGL
0x00007ff81db6a000 	/System/Library/PrivateFrameworks/MobileKeyBag.framework/Versions/A/MobileKeyBag
0x00007ff8136e0000 	/usr/lib/libobjc.A.dylib
0x00007ff819270000 	/System/Library/Frameworks/ColorSync.framework/Versions/A/ColorSync
0x00007ff81389e000 	/System/Library/Frameworks/CoreFoundation.framework/Versions/A/CoreFoundation
0x00007ff81caf7000 	/System/Library/Frameworks/CoreImage.framework/Versions/A/CoreImage
0x00007ff814f77000 	/System/Library/Frameworks/CoreText.framework/Versions/A/CoreText
0x00007ff81c8b0000 	/System/Library/Frameworks/ImageIO.framework/Versions/A/ImageIO
0x00007ff81e636000 	/System/Library/PrivateFrameworks/SoftLinking.framework/Versions/A/SoftLinking
0x00007ff81afef000 	/usr/lib/libxml2.2.dylib
0x00007ff8137aa000 	/usr/lib/libc++.1.dylib
0x00007ff81e8ba000 	/usr/lib/libcompression.dylib
0x00007ff82036a000 	/System/Library/PrivateFrameworks/TextureIO.framework/Versions/A/TextureIO
0x00007ff81efa8000 	/usr/lib/libate.dylib
0x00007ff81e62b000 	/usr/lib/system/libcache.dylib
0x00007ff81e5e7000 	/usr/lib/system/libcommonCrypto.dylib
0x00007ff81e610000 	/usr/lib/system/libcompiler_rt.dylib
0x00007ff81e606000 	/usr/lib/system/libcopyfile.dylib
0x00007ff8135db000 	/usr/lib/system/libcorecrypto.dylib
0x00007ff813699000 	/usr/lib/system/libdispatch.dylib
0x00007ff81385d000 	/usr/lib/system/libdyld.dylib
0x00007ff81e622000 	/usr/lib/system/libkeymgr.dylib
0x00007ff81e5c5000 	/usr/lib/system/libmacho.dylib
0x00007ff81dc44000 	/usr/lib/system/libquarantine.dylib
0x00007ff81e620000 	/usr/lib/system/libremovefile.dylib
0x00007ff8187d7000 	/usr/lib/system/libsystem_asl.dylib
0x00007ff813584000 	/usr/lib/system/libsystem_blocks.dylib
0x00007ff813721000 	/usr/lib/system/libsystem_c.dylib
0x00007ff81e618000 	/usr/lib/system/libsystem_collections.dylib
0x00007ff81cef1000 	/usr/lib/system/libsystem_configuration.dylib
0x00007ff81c19d000 	/usr/lib/system/libsystem_containermanager.dylib
0x00007ff81e2fe000 	/usr/lib/system/libsystem_coreservices.dylib
0x00007ff815e80000 	/usr/lib/system/libsystem_darwin.dylib
0x00007ff81e623000 	/usr/lib/system/libsystem_dnssd.dylib
0x00007ff81371e000 	/usr/lib/system/libsystem_featureflags.dylib
0x00007ff813873000 	/usr/lib/system/libsystem_info.dylib
0x00007ff81e563000 	/usr/lib/system/libsystem_m.dylib
0x00007ff81366d000 	/usr/lib/system/libsystem_malloc.dylib
0x00007ff818772000 	/usr/lib/system/libsystem_networkextension.dylib
0x00007ff8162a6000 	/usr/lib/system/libsystem_notify.dylib
0x00007ff82488e000 	/usr/lib/system/libsystem_product_info_filter.dylib
0x00007ff81cef5000 	/usr/lib/system/libsystem_sandbox.dylib
0x00007ff81e61d000 	/usr/lib/system/libsystem_secinit.dylib
0x00007ff813819000 	/usr/lib/system/libsystem_kernel.dylib
0x00007ff813869000 	/usr/lib/system/libsystem_platform.dylib
0x00007ff813851000 	/usr/lib/system/libsystem_pthread.dylib
0x00007ff81a01f000 	/usr/lib/system/libsystem_symptoms.dylib
0x00007ff8135c2000 	/usr/lib/system/libsystem_trace.dylib
0x00007ff81e5f3000 	/usr/lib/system/libunwind.dylib
0x00007ff813586000 	/usr/lib/system/libxpc.dylib
0x00007ff813803000 	/usr/lib/libc++abi.dylib
0x00007ff81e5fe000 	/usr/lib/liboah.dylib
0x00007ff81ed84000 	/usr/lib/liblzma.5.dylib
0x00007ff814423000 	/System/Library/Frameworks/SystemConfiguration.framework/Versions/A/SystemConfiguration
0x00007ff81e632000 	/usr/lib/libfakelink.dylib
0x00007ff8182e3000 	/System/Library/Frameworks/CFNetwork.framework/Versions/A/CFNetwork
0x00007ff81e773000 	/usr/lib/libarchive.2.dylib
0x00007ff81cefd000 	/System/Library/PrivateFrameworks/AppleSystemInfo.framework/Versions/A/AppleSystemInfo
0x00007ff81dc6b000 	/usr/lib/libbsm.0.dylib
0x00007ff8178f6000 	/usr/lib/libnetwork.dylib
0x00007ff81e5cb000 	/usr/lib/system/libkxld.dylib
0x00007ff81d897000 	/System/Library/PrivateFrameworks/IOMobileFramebuffer.framework/Versions/A/IOMobileFramebuffer
0x00007ffb2adfb000 	/usr/lib/libCoreEntitlements.dylib
0x00007ff81e2e0000 	/System/Library/PrivateFrameworks/AppleFSCompression.framework/Versions/A/AppleFSCompression
0x00007ff81dc53000 	/usr/lib/libcoretls.dylib
0x00007ff81ed9e000 	/usr/lib/libcoretls_cfhelpers.dylib
0x00007ff81e8b5000 	/usr/lib/libpam.2.dylib
0x00007ff819c3f000 	/usr/lib/libsqlite3.dylib
0x00007ff81ee0d000 	/usr/lib/libxar.1.dylib
0x00007ff81e2f0000 	/usr/lib/libbz2.1.0.dylib
0x00007ff81e637000 	/usr/lib/libpcap.A.dylib
0x00007ff81a017000 	/usr/lib/libdns_services.dylib
0x00007ff81e885000 	/usr/lib/libapple_nghttp2.dylib
0x00007ff81e671000 	/usr/lib/libiconv.2.dylib
0x00007ff81e5c4000 	/usr/lib/libcharset.1.dylib
0x00007ff81af72000 	/System/Library/Frameworks/CoreServices.framework/Versions/A/Frameworks/FSEvents.framework/Versions/A/FSEvents
0x00007ff815e8a000 	/System/Library/Frameworks/CoreServices.framework/Versions/A/Frameworks/CarbonCore.framework/Versions/A/CarbonCore
0x00007ff81a260000 	/System/Library/Frameworks/CoreServices.framework/Versions/A/Frameworks/Metadata.framework/Versions/A/Metadata
0x00007ff81e303000 	/System/Library/Frameworks/CoreServices.framework/Versions/A/Frameworks/OSServices.framework/Versions/A/OSServices
0x00007ff81e7fa000 	/System/Library/Frameworks/CoreServices.framework/Versions/A/Frameworks/SearchKit.framework/Versions/A/SearchKit
0x00007ff819faa000 	/System/Library/Frameworks/CoreServices.framework/Versions/A/Frameworks/AE.framework/Versions/A/AE
0x00007ff813da0000 	/System/Library/Frameworks/CoreServices.framework/Versions/A/Frameworks/LaunchServices.framework/Versions/A/LaunchServices
0x00007ff81ed35000 	/System/Library/Frameworks/CoreServices.framework/Versions/A/Frameworks/DictionaryServices.framework/Versions/A/DictionaryServices
0x00007ff81af7f000 	/System/Library/Frameworks/CoreServices.framework/Versions/A/Frameworks/SharedFileList.framework/Versions/A/SharedFileList
0x00007ff81dc47000 	/usr/lib/libCheckFix.dylib
0x00007ff8187ee000 	/System/Library/PrivateFrameworks/TCC.framework/Versions/A/TCC
0x00007ff81cf03000 	/System/Library/PrivateFrameworks/CoreNLP.framework/Versions/A/CoreNLP
0x00007ff81a210000 	/System/Library/PrivateFrameworks/MetadataUtilities.framework/Versions/A/MetadataUtilities
0x00007ff8144d3000 	/usr/lib/libmecabra.dylib
0x00007ff81dc7b000 	/usr/lib/libmecab.dylib
0x00007ff81449e000 	/usr/lib/libCRFSuite.dylib
0x00007ff81dcd5000 	/usr/lib/libgermantok.dylib
0x00007ff81e860000 	/usr/lib/libThaiTokenizer.dylib
0x00007ff81a303000 	/System/Library/Frameworks/Accelerate.framework/Versions/A/Frameworks/vImage.framework/Versions/A/vImage
0x00007ff824990000 	/System/Library/Frameworks/Accelerate.framework/Versions/A/Frameworks/vecLib.framework/Versions/A/vecLib
0x00007ff81ee4e000 	/System/Library/Frameworks/Accelerate.framework/Versions/A/Frameworks/vecLib.framework/Versions/A/libvMisc.dylib
0x00007ff81d6c2000 	/System/Library/Frameworks/Accelerate.framework/Versions/A/Frameworks/vecLib.framework/Versions/A/libvDSP.dylib
0x00007ff81411a000 	/System/Library/Frameworks/Accelerate.framework/Versions/A/Frameworks/vecLib.framework/Versions/A/libBLAS.dylib
0x00007ff81e997000 	/System/Library/Frameworks/Accelerate.framework/Versions/A/Frameworks/vecLib.framework/Versions/A/libLAPACK.dylib
0x00007ff81dcd8000 	/System/Library/Frameworks/Accelerate.framework/Versions/A/Frameworks/vecLib.framework/Versions/A/libLinearAlgebra.dylib
0x00007ff81e89d000 	/System/Library/Frameworks/Accelerate.framework/Versions/A/Frameworks/vecLib.framework/Versions/A/libSparseBLAS.dylib
0x00007ff81e991000 	/System/Library/Frameworks/Accelerate.framework/Versions/A/Frameworks/vecLib.framework/Versions/A/libQuadrature.dylib
0x00007ff81cfee000 	/System/Library/Frameworks/Accelerate.framework/Versions/A/Frameworks/vecLib.framework/Versions/A/libBNNS.dylib
0x00007ff8143b4000 	/System/Library/Frameworks/Accelerate.framework/Versions/A/Frameworks/vecLib.framework/Versions/A/libSparse.dylib
0x00007ff81cfe7000 	/System/Library/PrivateFrameworks/LinguisticData.framework/Versions/A/LinguisticData
0x00007ff81436a000 	/System/Library/PrivateFrameworks/Lexicon.framework/Versions/A/Lexicon
0x00007ff81ee47000 	/usr/lib/libChineseTokenizer.dylib
0x00007ff814acc000 	/System/Library/PrivateFrameworks/LanguageModeling.framework/Versions/A/LanguageModeling
0x00007ff81e862000 	/System/Library/PrivateFrameworks/AppleSauce.framework/Versions/A/AppleSauce
0x00007ff81d885000 	/System/Library/PrivateFrameworks/CoreEmoji.framework/Versions/A/CoreEmoji
0x00007ff81e762000 	/usr/lib/libcmph.dylib
0x00007ff81af56000 	/System/Library/Frameworks/OpenDirectory.framework/Versions/A/Frameworks/CFOpenDirectory.framework/Versions/A/CFOpenDirectory
0x00007ff81af4a000 	/System/Library/Frameworks/OpenDirectory.framework/Versions/A/OpenDirectory
0x00007ff81eda0000 	/System/Library/PrivateFrameworks/APFS.framework/Versions/A/APFS
0x00007ff81dba2000 	/System/Library/Frameworks/SecurityFoundation.framework/Versions/A/SecurityFoundation
0x00007ff81ee1b000 	/usr/lib/libutil.dylib
0x00007ff8161b4000 	/System/Library/PrivateFrameworks/CoreServicesStore.framework/Versions/A/CoreServicesStore
0x00007ff81ee1f000 	/usr/lib/libxslt.1.dylib
0x00007ff81dc2f000 	/System/Library/PrivateFrameworks/BackgroundTaskManagement.framework/Versions/A/BackgroundTaskManagement
0x00007ff82028a000 	/System/Library/Frameworks/ImageIO.framework/Versions/A/Resources/libRadiance.dylib
0x00007ff820293000 	/System/Library/Frameworks/ImageIO.framework/Versions/A/Resources/libJPEG.dylib
0x00007ff8201e4000 	/System/Library/Frameworks/ImageIO.framework/Versions/A/Resources/libPng.dylib
0x00007ff820205000 	/System/Library/Frameworks/ImageIO.framework/Versions/A/Resources/libTIFF.dylib
0x00007ff8202f3000 	/System/Library/Frameworks/ImageIO.framework/Versions/A/Resources/libGIF.dylib
0x00007ff81fb1f000 	/System/Library/Frameworks/ImageIO.framework/Versions/A/Resources/libJP2.dylib
0x00007ff81f25d000 	/usr/lib/libexpat.1.dylib
0x00007ff81fad4000 	/System/Library/PrivateFrameworks/AppleJPEG.framework/Versions/A/AppleJPEG
0x00007ff81c437000 	/System/Library/PrivateFrameworks/FontServices.framework/libFontParser.dylib
0x00007ff819f54000 	/System/Library/PrivateFrameworks/RunningBoardServices.framework/Versions/A/RunningBoardServices
0x00007ff82ac3f000 	/System/Library/PrivateFrameworks/IOSurfaceAccelerator.framework/Versions/A/IOSurfaceAccelerator
0x00007ff81fc01000 	/System/Library/PrivateFrameworks/WatchdogClient.framework/Versions/A/WatchdogClient
0x00007ff814bba000 	/System/Library/Frameworks/CoreDisplay.framework/Versions/A/CoreDisplay
0x00007ff81c335000 	/System/Library/Frameworks/CoreMedia.framework/Versions/A/CoreMedia
0x00007ff81c1cc000 	/System/Library/PrivateFrameworks/IOAccelerator.framework/Versions/A/IOAccelerator
0x00007ff81b0d3000 	/System/Library/Frameworks/CoreVideo.framework/Versions/A/CoreVideo
0x00007ff81e8b3000 	/System/Library/Frameworks/MetalPerformanceShaders.framework/Versions/A/MetalPerformanceShaders
0x00007ff81fc3e000 	/System/Library/Frameworks/VideoToolbox.framework/Versions/A/VideoToolbox
0x00007ff819e9e000 	/System/Library/PrivateFrameworks/BaseBoard.framework/Versions/A/BaseBoard
0x00007ff819c25000 	/System/Library/PrivateFrameworks/ProtocolBuffer.framework/Versions/A/ProtocolBuffer
0x00007ff820283000 	/System/Library/PrivateFrameworks/GPUWrangler.framework/Versions/A/GPUWrangler
0x00007ff820267000 	/System/Library/PrivateFrameworks/IOPresentment.framework/Versions/A/IOPresentment
0x00007ff82028d000 	/System/Library/PrivateFrameworks/DSExternalDisplay.framework/Versions/A/DSExternalDisplay
0x00007ffa2b8e8000 	/System/Library/Frameworks/OpenGL.framework/Versions/A/Libraries/libCoreFSCache.dylib
0x00007ffb185a4000 	/System/Library/PrivateFrameworks/GPUCompiler.framework/Versions/31001/Libraries/libGPUCompilerUtils.dylib
0x00007ff8202f8000 	/System/Library/PrivateFrameworks/CMCaptureCore.framework/Versions/A/CMCaptureCore
0x00007ff81f805000 	/System/Library/PrivateFrameworks/AppServerSupport.framework/Versions/A/AppServerSupport
0x00007ff821ac4000 	/System/Library/PrivateFrameworks/perfdata.framework/Versions/A/perfdata
0x00007ff814ce6000 	/System/Library/PrivateFrameworks/AudioToolboxCore.framework/Versions/A/AudioToolboxCore
0x00007ff81c313000 	/System/Library/PrivateFrameworks/caulk.framework/Versions/A/caulk
0x00007ff8213d6000 	/usr/lib/libAudioStatistics.dylib
0x00007ff918b7e000 	/System/Library/PrivateFrameworks/SystemPolicy.framework/Versions/A/SystemPolicy
0x00007ff821631000 	/usr/lib/libSMC.dylib
0x00007ff82a53a000 	/System/Library/Frameworks/CoreMIDI.framework/Versions/A/CoreMIDI
0x00007ff8201b3000 	/usr/lib/libAudioToolboxUtility.dylib
0x00007ff914e21000 	/System/Library/PrivateFrameworks/OSAServicesClient.framework/Versions/A/OSAServicesClient
0x00007ff821ad1000 	/usr/lib/libperfcheck.dylib
0x00007ff919628000 	/usr/lib/libmis.dylib
0x00007ffa2b943000 	/System/Library/Frameworks/OpenGL.framework/Versions/A/Libraries/libGLU.dylib
0x00007ffa2b907000 	/System/Library/Frameworks/OpenGL.framework/Versions/A/Libraries/libGFXShared.dylib
0x00007ffa2bb10000 	/System/Library/Frameworks/OpenGL.framework/Versions/A/Libraries/libGL.dylib
0x00007ffa2b910000 	/System/Library/Frameworks/OpenGL.framework/Versions/A/Libraries/libGLImage.dylib
0x00007ffa2b904000 	/System/Library/Frameworks/OpenGL.framework/Versions/A/Libraries/libCVMSPluginSupport.dylib
0x00007ffa2b8ef000 	/System/Library/Frameworks/OpenGL.framework/Versions/A/Libraries/libCoreVMClient.dylib
0x00007ff81ce7f000 	/System/Library/Frameworks/MetalPerformanceShaders.framework/Versions/A/Frameworks/MPSCore.framework/Versions/A/MPSCore
0x00007ff81e24b000 	/System/Library/Frameworks/MetalPerformanceShaders.framework/Versions/A/Frameworks/MPSImage.framework/Versions/A/MPSImage
0x00007ff81dcee000 	/System/Library/Frameworks/MetalPerformanceShaders.framework/Versions/A/Frameworks/MPSNeuralNetwork.framework/Versions/A/MPSNeuralNetwork
0x00007ff81e162000 	/System/Library/Frameworks/MetalPerformanceShaders.framework/Versions/A/Frameworks/MPSMatrix.framework/Versions/A/MPSMatrix
0x00007ff81df1d000 	/System/Library/Frameworks/MetalPerformanceShaders.framework/Versions/A/Frameworks/MPSRayIntersector.framework/Versions/A/MPSRayIntersector
0x00007ff81e19a000 	/System/Library/Frameworks/MetalPerformanceShaders.framework/Versions/A/Frameworks/MPSNDArray.framework/Versions/A/MPSNDArray
0x00007ffa30870000 	/System/Library/Frameworks/MetalPerformanceShaders.framework/Versions/A/Frameworks/MPSFunctions.framework/Versions/A/MPSFunctions
0x00007ff813ff7000 	/System/Library/PrivateFrameworks/MetalTools.framework/Versions/A/MetalTools
0x00007ff81cefb000 	/System/Library/PrivateFrameworks/AggregateDictionary.framework/Versions/A/AggregateDictionary
0x00007ff81f03f000 	/usr/lib/libIOReport.dylib
0x00007ffa2cf1f000 	/System/Library/Frameworks/OpenCL.framework/Versions/A/OpenCL
0x00007ff81f3a3000 	/System/Library/PrivateFrameworks/FaceCore.framework/Versions/A/FaceCore
0x00007ff81f394000 	/System/Library/PrivateFrameworks/GraphVisualizer.framework/Versions/A/GraphVisualizer
0x00007ffb184af000 	/System/Library/PrivateFrameworks/FontServices.framework/Versions/A/FontServices
0x00007ff81f7bd000 	/System/Library/PrivateFrameworks/OTSVG.framework/Versions/A/OTSVG
0x00007ff81acba000 	/System/Library/Frameworks/ApplicationServices.framework/Versions/A/Frameworks/ATS.framework/Versions/A/Resources/libFontRegistry.dylib
0x00007ff81f80d000 	/System/Library/PrivateFrameworks/FontServices.framework/libhvf.dylib
0x00007ffb184b0000 	/System/Library/PrivateFrameworks/FontServices.framework/libXTFontStaticRegistryData.dylib
0x00007ff81f20d000 	/System/Library/PrivateFrameworks/AppleVA.framework/Versions/A/AppleVA
0x00007ff8213f6000 	/System/Library/Frameworks/ApplicationServices.framework/Versions/A/Frameworks/ATS.framework/Versions/A/ATS
0x00007ff81936c000 	/System/Library/Frameworks/ApplicationServices.framework/Versions/A/Frameworks/HIServices.framework/Versions/A/HIServices
0x00007ff820302000 	/System/Library/Frameworks/ApplicationServices.framework/Versions/A/Frameworks/PrintCore.framework/Versions/A/PrintCore
0x00007ff821784000 	/System/Library/Frameworks/ApplicationServices.framework/Versions/A/Frameworks/QD.framework/Versions/A/QD
0x00007ff82177c000 	/System/Library/Frameworks/ApplicationServices.framework/Versions/A/Frameworks/ColorSyncLegacy.framework/Versions/A/ColorSyncLegacy
0x00007ff8213e6000 	/System/Library/Frameworks/ApplicationServices.framework/Versions/A/Frameworks/SpeechSynthesis.framework/Versions/A/SpeechSynthesis
0x00007ff8202c3000 	/System/Library/Frameworks/ApplicationServices.framework/Versions/A/Frameworks/ATSUI.framework/Versions/A/ATSUI
0x00007ff821711000 	/usr/lib/libcups.2.dylib
0x00007ff821ae0000 	/System/Library/Frameworks/Kerberos.framework/Versions/A/Kerberos
0x00007ff821aef000 	/System/Library/Frameworks/GSS.framework/Versions/A/GSS
0x00007ff821462000 	/usr/lib/libresolv.9.dylib
0x00007ff81f81c000 	/System/Library/PrivateFrameworks/Heimdal.framework/Versions/A/Heimdal
0x00007ff8286bc000 	/System/Library/Frameworks/Kerberos.framework/Versions/A/Libraries/libHeimdalProxy.dylib
0x00007ff81a027000 	/System/Library/Frameworks/Network.framework/Versions/A/Network
0x00007ff81f277000 	/usr/lib/libheimdal-asn1.dylib
0x00007ff821b3a000 	/System/Library/PrivateFrameworks/CommonAuth.framework/Versions/A/CommonAuth
0x00007ff821368000 	/System/Library/PrivateFrameworks/AudioSession.framework/Versions/A/AudioSession
0x00007ff81f307000 	/System/Library/PrivateFrameworks/MediaExperience.framework/Versions/A/MediaExperience
0x00007ff8211fb000 	/System/Library/PrivateFrameworks/AudioSession.framework/libSessionUtility.dylib
0x00007ff821790000 	/System/Library/PrivateFrameworks/AudioResourceArbitration.framework/Versions/A/AudioResourceArbitration
0x00007ff825803000 	/System/Library/PrivateFrameworks/PowerLog.framework/Versions/A/PowerLog
0x00007ff81f280000 	/System/Library/PrivateFrameworks/IconFoundation.framework/Versions/A/IconFoundation
0x00007ff8245b9000 	/System/Library/PrivateFrameworks/SpeechRecognitionCore.framework/Versions/A/SpeechRecognitionCore
0x0000000108a22000 	/Library/Java/JavaVirtualMachines/adoptopenjdk-11.jdk/Contents/Home/lib/server/libjvm.dylib
0x0000000107c9d000 	/Library/Java/JavaVirtualMachines/adoptopenjdk-11.jdk/Contents/Home/lib/libverify.dylib
0x0000000107cda000 	/Library/Java/JavaVirtualMachines/adoptopenjdk-11.jdk/Contents/Home/lib/libjava.dylib
0x0000000107cae000 	/Library/Java/JavaVirtualMachines/adoptopenjdk-11.jdk/Contents/Home/lib/libjimage.dylib
0x0000000107cc6000 	/Library/Java/JavaVirtualMachines/adoptopenjdk-11.jdk/Contents/Home/lib/libzip.dylib
0x00000001087c4000 	/Library/Java/JavaVirtualMachines/adoptopenjdk-11.jdk/Contents/Home/lib/libnio.dylib
0x00000001087f0000 	/Library/Java/JavaVirtualMachines/adoptopenjdk-11.jdk/Contents/Home/lib/libnet.dylib
0x00000001087d7000 	/Users/hrd/.openjfx/cache/11.0.2/libprism_es2.dylib
0x00007ff816176000 	/System/Library/PrivateFrameworks/CoreServicesInternal.framework/Versions/A/CoreServicesInternal
0x00007ffa2bb1b000 	/System/Library/Frameworks/OpenGL.framework/Versions/A/Resources/GLEngine.bundle/GLEngine
0x00007ffa2b981000 	/System/Library/Frameworks/OpenGL.framework/Versions/A/Libraries/libGLProgrammability.dylib
0x00007ffa242ef000 	/System/Library/Extensions/AppleIntelBDWGraphicsGLDriver.bundle/Contents/MacOS/AppleIntelBDWGraphicsGLDriver
0x00007ff923762000 	/System/Library/PrivateFrameworks/GPUSupport.framework/Versions/A/Libraries/libGPUSupportMercury.dylib
0x00007ffa2bca5000 	/System/Library/Frameworks/OpenGL.framework/Versions/A/Resources/GLRendererFloat.bundle/GLRendererFloat
0x000000012f1be000 	/Users/hrd/.openjfx/cache/11.0.2/libglass.dylib
0x00007ff825df4000 	/System/Library/Frameworks/FileProvider.framework/Versions/A/FileProvider
0x00007ff819e0b000 	/System/Library/Frameworks/Accounts.framework/Versions/A/Accounts
0x00007ff825f6d000 	/System/Library/PrivateFrameworks/GenerationalStorage.framework/Versions/A/GenerationalStorage
0x00007ff826a80000 	/System/Library/PrivateFrameworks/CoreSymbolication.framework/Versions/A/CoreSymbolication
0x00007ff8257f8000 	/System/Library/PrivateFrameworks/SymptomDiagnosticReporter.framework/Versions/A/SymptomDiagnosticReporter
0x00007ff817434000 	/System/Library/PrivateFrameworks/DesktopServicesPriv.framework/Versions/A/DesktopServicesPriv
0x00007ff8162b5000 	/usr/lib/libsandbox.1.dylib
0x00007ff81b152000 	/System/Library/PrivateFrameworks/UserManagement.framework/Versions/A/UserManagement
0x00007ff826a45000 	/System/Library/PrivateFrameworks/DebugSymbols.framework/Versions/A/DebugSymbols
0x00007ff821771000 	/System/Library/PrivateFrameworks/NetAuth.framework/Versions/A/NetAuth
0x00007ff82267e000 	/System/Library/PrivateFrameworks/Sharing.framework/Versions/A/Sharing
0x00007ff81b125000 	/System/Library/PrivateFrameworks/login.framework/Versions/A/Frameworks/loginsupport.framework/Versions/A/loginsupport
0x00007ff827be3000 	/System/Library/PrivateFrameworks/Apple80211.framework/Versions/A/Apple80211
0x00007ff81e330000 	/System/Library/PrivateFrameworks/AuthKit.framework/Versions/A/AuthKit
0x00007ff81d97b000 	/System/Library/PrivateFrameworks/CoreUtils.framework/Versions/A/CoreUtils
0x00007ff81d8a2000 	/System/Library/Frameworks/CoreWLAN.framework/Versions/A/CoreWLAN
0x00007ff8227dd000 	/System/Library/Frameworks/IOBluetooth.framework/Versions/A/IOBluetooth
0x00007ff827c4b000 	/System/Library/PrivateFrameworks/CoreWiFi.framework/Versions/A/CoreWiFi
0x00007ff826617000 	/System/Library/PrivateFrameworks/FrontBoardServices.framework/Versions/A/FrontBoardServices
0x00007ff8266a8000 	/System/Library/PrivateFrameworks/BoardServices.framework/Versions/A/BoardServices
0x00007ff81db91000 	/System/Library/PrivateFrameworks/AssertionServices.framework/Versions/A/AssertionServices
0x00007ff827dce000 	/System/Library/PrivateFrameworks/BackBoardServices.framework/Versions/A/BackBoardServices
0x00007ff821bcb000 	/System/Library/PrivateFrameworks/CorePhoneNumbers.framework/Versions/A/CorePhoneNumbers
0x00007ff825915000 	/System/Library/PrivateFrameworks/DiskManagement.framework/Versions/A/DiskManagement
0x00007ff825829000 	/System/Library/PrivateFrameworks/AppleIDAuthSupport.framework/Versions/A/AppleIDAuthSupport
0x00007ffa32e31000 	/System/Library/PrivateFrameworks/AAAFoundation.framework/Versions/A/AAAFoundation
0x00007ff821bac000 	/System/Library/PrivateFrameworks/KeychainCircle.framework/Versions/A/KeychainCircle
0x00007ff8258e1000 	/System/Library/PrivateFrameworks/MediaKit.framework/Versions/A/MediaKit
0x00007ff825835000 	/System/Library/Frameworks/DiscRecording.framework/Versions/A/DiscRecording
0x00007ff81f185000 	/usr/lib/libCoreStorage.dylib
0x00007ff8280bc000 	/usr/lib/libcsfde.dylib
0x00007ff8228aa000 	/System/Library/PrivateFrameworks/ProtectedCloudStorage.framework/Versions/A/ProtectedCloudStorage
0x00007ff8280b8000 	/System/Library/PrivateFrameworks/EFILogin.framework/Versions/A/EFILogin
0x00007ff825f93000 	/System/Library/PrivateFrameworks/OctagonTrust.framework/Versions/A/OctagonTrust
0x00007ffb1771e000 	/System/Library/PrivateFrameworks/CoreUtilsExtras.framework/Versions/A/CoreUtilsExtras
0x00007ff82575c000 	/System/Library/Frameworks/CoreBluetooth.framework/Versions/A/CoreBluetooth
0x00007ff828741000 	/System/Library/Frameworks/AudioUnit.framework/Versions/A/AudioUnit
0x00007ff81f17d000 	/usr/lib/libMatch.1.dylib
0x00007ff91dc01000 	/System/Library/Frameworks/Accelerate.framework/Versions/A/Frameworks/vImage.framework/Versions/A/Libraries/libCGInterfaces.dylib
0x0000000130423000 	/usr/lib/libobjc-trampolines.dylib
0x00007ff81ae4a000 	/System/Library/PrivateFrameworks/ViewBridge.framework/Versions/A/ViewBridge
0x000000013286f000 	/Users/hrd/.openjfx/cache/11.0.2/libjavafx_font.dylib
0x00007ff81f8d3000 	/System/Library/PrivateFrameworks/login.framework/Versions/A/login
0x0000000133bf3000 	/Library/Java/JavaVirtualMachines/adoptopenjdk-11.jdk/Contents/Home/lib/libsunec.dylib
0x00007ffb2af0a000 	/usr/lib/libRosetta.dylib


VM Arguments:
jvm_args: -Dfile.encoding=UTF-8 -Duser.country=GH -Duser.language=en -Duser.variant --module-path=/Users/hrd/Library/Mobile Documents/com~apple~CloudDocs/UG/2021 2022/Sem 2/DCIT308/inventory/build/libs/inventory-1.0-SNAPSHOT.jar:/Users/hrd/Library/Mobile Documents/com~apple~CloudDocs/UG/2021 2022/Sem 2/DCIT308/inventory/build/classes/java/main:/Users/hrd/Library/Mobile Documents/com~apple~CloudDocs/UG/2021 2022/Sem 2/DCIT308/inventory/libs/protobuf-java-3.19.4.jar:/Users/hrd/.gradle/caches/modules-2/files-2.1/org.openjfx/javafx-fxml/11.0.2/23291af49fb53d2686c6995018775d19805247a2/javafx-fxml-11.0.2-mac.jar:/Users/hrd/.gradle/caches/modules-2/files-2.1/org.openjfx/javafx-controls/11.0.2/996371d2868035845572cdb19179dca2bfd1139f/javafx-controls-11.0.2-mac.jar:/Users/hrd/.gradle/caches/modules-2/files-2.1/org.openjfx/javafx-controls/11.0.2/4ab633cf1eea60f76e2ae9905aedac862da88b08/javafx-controls-11.0.2.jar:/Users/hrd/.gradle/caches/modules-2/files-2.1/org.openjfx/javafx-graphics/11.0.2/c1d99ae5bc48e7173f4514a941d27d8f8c972c71/javafx-graphics-11.0.2-mac.jar:/Users/hrd/.gradle/caches/modules-2/files-2.1/org.openjfx/javafx-graphics/11.0.2/e522eb4ea422eceeee207b1c266ba3db19b2343a/javafx-graphics-11.0.2.jar:/Users/hrd/.gradle/caches/modules-2/files-2.1/org.openjfx/javafx-base/11.0.2/b774922e5da6a56afee221d1a288d179a1342aa9/javafx-base-11.0.2-mac.jar:/Users/hrd/.gradle/caches/modules-2/files-2.1/org.openjfx/javafx-base/11.0.2/7fb2e4a8528ec9e434a9ac9ee98b39af79e6dcb8/javafx-base-11.0.2.jar -Djdk.module.main=com.group.inventory.inventory 
java_command: com.group.inventory.inventory/com.group20.inventory.inventory.MainApplication
java_class_path (initial): /Users/hrd/Library/Mobile Documents/com~apple~CloudDocs/UG/2021 2022/Sem 2/DCIT308/inventory/build/resources/main:/Users/hrd/Library/Mobile Documents/com~apple~CloudDocs/UG/2021 2022/Sem 2/DCIT308/inventory/libs/mysql-connector-java-8.0.30.jar
Launcher Type: SUN_STANDARD

[Global flags]
     intx CICompilerCount                          = 3                                         {product} {ergonomic}
     uint ConcGCThreads                            = 1                                         {product} {ergonomic}
     uint G1ConcRefinementThreads                  = 4                                         {product} {ergonomic}
   size_t G1HeapRegionSize                         = 1048576                                   {product} {ergonomic}
    uintx GCDrainStackTargetSize                   = 64                                        {product} {ergonomic}
   size_t InitialHeapSize                          = 268435456                                 {product} {ergonomic}
   size_t MarkStackSize                            = 4194304                                   {product} {ergonomic}
   size_t MaxHeapSize                              = 4294967296                                {product} {ergonomic}
   size_t MaxNewSize                               = 2576351232                                {product} {ergonomic}
   size_t MinHeapDeltaBytes                        = 1048576                                   {product} {ergonomic}
    uintx NonNMethodCodeHeapSize                   = 5830732                                {pd product} {ergonomic}
    uintx NonProfiledCodeHeapSize                  = 122913754                              {pd product} {ergonomic}
    uintx ProfiledCodeHeapSize                     = 122913754                              {pd product} {ergonomic}
    uintx ReservedCodeCacheSize                    = 251658240                              {pd product} {ergonomic}
     bool SegmentedCodeCache                       = true                                      {product} {ergonomic}
     bool UseCompressedClassPointers               = true                                 {lp64_product} {ergonomic}
     bool UseCompressedOops                        = true                                 {lp64_product} {ergonomic}
     bool UseG1GC                                  = true                                      {product} {ergonomic}

Logging:
Log output configuration:
 #0: stdout all=warning uptime,level,tags
 #1: stderr all=off uptime,level,tags

Environment Variables:
PATH=/Users/hrd/frameworks/solana/validator:/Users/hrd/.local/share/solana/install/active_release/bin:/Library/Frameworks/Python.framework/Versions/3.10/bin:/usr/local/bin:/usr/bin:/bin:/usr/sbin:/sbin:/Users/hrd/Library/Python/3.8/bin:Users/hrd/Library/Python/3.8/lib/python/site-packages:/Users/hrd/frameworks/flutter/bin:/usr/local/lib/python3.9/site-packages:/Applications/VMware Fusion.app/Contents/Public:/usr/local/share/dotnet:~/.dotnet/tools:/Library/Apple/usr/bin:/Library/Frameworks/Mono.framework/Versions/Current/Commands:/Applications/Wireshark.app/Contents/MacOS:/Users/hrd/.cargo/bin
SHELL=/bin/zsh
LC_CTYPE=en_GH.UTF-8

Signal Handlers:
SIGSEGV: [libjvm.dylib+0x7bc7ea], sa_mask[0]=11111111011111110111111111111111, sa_flags=SA_ONSTACK|SA_RESTART|SA_SIGINFO
SIGBUS: [libjvm.dylib+0x7bc7ea], sa_mask[0]=11111111011111110111111111111111, sa_flags=SA_RESTART|SA_SIGINFO
SIGFPE: [libjvm.dylib+0x7bc7ea], sa_mask[0]=11111111011111110111111111111111, sa_flags=SA_RESTART|SA_SIGINFO
SIGPIPE: [libjvm.dylib+0x62226b], sa_mask[0]=11111111011111110111111111111111, sa_flags=SA_RESTART|SA_SIGINFO
SIGXFSZ: [libjvm.dylib+0x62226b], sa_mask[0]=11111111011111110111111111111111, sa_flags=SA_RESTART|SA_SIGINFO
SIGILL: [libjvm.dylib+0x7bc7ea], sa_mask[0]=11111111011111110111111111111111, sa_flags=SA_RESTART|SA_SIGINFO
SIGUSR2: [libjvm.dylib+0x622853], sa_mask[0]=00100000000000000000000000000000, sa_flags=SA_RESTART|SA_SIGINFO
SIGHUP: [libjvm.dylib+0x6213f1], sa_mask[0]=11111111011111110111111111111111, sa_flags=SA_RESTART|SA_SIGINFO
SIGINT: [libjvm.dylib+0x6213f1], sa_mask[0]=11111111011111110111111111111111, sa_flags=SA_RESTART|SA_SIGINFO
SIGTERM: [libjvm.dylib+0x6213f1], sa_mask[0]=11111111011111110111111111111111, sa_flags=SA_RESTART|SA_SIGINFO
SIGQUIT: [libjvm.dylib+0x6213f1], sa_mask[0]=11111111011111110111111111111111, sa_flags=SA_RESTART|SA_SIGINFO


---------------  S Y S T E M  ---------------

OS:uname:Darwin 21.4.0 Darwin Kernel Version 21.4.0: Fri Mar 18 00:45:05 PDT 2022; root:xnu-8020.101.4~15/RELEASE_X86_64 x86_64
OS uptime: 22 days 12:29 hours
rlimit (soft/hard): STACK 8192k/65532k , CORE 0k/infinity , NPROC 2784/4176 , NOFILE 10240/infinity , AS infinity/infinity , CPU infinity/infinity , DATA infinity/infinity , FSIZE infinity/infinity , MEMLOCK infinity/infinity , RSS infinity/infinity
load average:17.57 25.01 24.64

CPU:total 4 (initial active 4) (2 cores per cpu, 2 threads per core) family 6 model 61 stepping 4 microcode 0x2f, cmov, cx8, fxsr, mmx, sse, sse2, sse3, ssse3, sse4.1, sse4.2, popcnt, avx, avx2, aes, clmul, erms, 3dnowpref, lzcnt, ht, tsc, tscinvbit, bmi1, bmi2, adx, fma

Memory: 4k page, physical 16777216k(134760k free), swap 8388608k(811264k free)

vm_info: OpenJDK 64-Bit Server VM (11.0.11+9) for bsd-amd64 JRE (11.0.11+9), built on Apr 20 2021 22:06:18 by "jenkins" with gcc 4.2.1 Compatible Apple LLVM 10.0.1 (clang-1001.0.46.4)

END.
